#
# A fatal error has been detected by the Java Runtime Environment:
#
#  SIGSEGV (0xb) at pc=0x00007f2ca3bcd6d5, pid=27921, tid=0x00007f2c802ca700
#
# JRE version: Java(TM) SE Runtime Environment (8.0_111-b14) (build 1.8.0_111-b14)
# Java VM: Java HotSpot(TM) 64-Bit Server VM (25.111-b14 mixed mode linux-amd64 compressed oops)
# Problematic frame:
# C  [libaparapi_x86_648353103067218827091.so+0xd6d5]  getArgForBuffer(JNIEnv_*, JNIContext*, _jobject*)+0x45
#
# Failed to write core dump. Core dumps have been disabled. To enable core dumping, try "ulimit -c unlimited" before starting Java again
#
# If you would like to submit a bug report, please visit:
#   http://bugreport.java.com/bugreport/crash.jsp
# The crash happened outside the Java Virtual Machine in native code.
# See problematic frame for where to report the bug.
#

---------------  T H R E A D  ---------------

Current thread (0x00007f2d04431800):  JavaThread "AWT-EventQueue-0" [_thread_in_native, id=27965, stack(0x00007f2c801ca000,0x00007f2c802cb000)]

siginfo: si_signo: 11 (SIGSEGV), si_code: 128 (SI_KERNEL), si_addr: 0x0000000000000000

Registers:
RAX=0x29280300013e7469, RBX=0x0000000000000000, RCX=0x00007f2c802c8200, RDX=0x0000000000011700
RSP=0x00007f2c802c8070, RBP=0x00007f2c802c8200, RSI=0x00007f2c755eabf0, RDI=0x00007f2d044319f8
R8 =0x0000000000000000, R9 =0x0000000000000009, R10=0x000000000000017a, R11=0x00007f2ca3bcd690
R12=0x00007f2d044319f8, R13=0x00007f2ca3dfd928, R14=0x00007f2c802c8200, R15=0x00007f2c755eabf0
RIP=0x00007f2ca3bcd6d5, EFLAGS=0x0000000000010206, CSGSFS=0x0000000000000033, ERR=0x0000000000000000
  TRAPNO=0x000000000000000d

Top of Stack: (sp=0x00007f2c802c8070)
0x00007f2c802c8070:   0000000000000009 00007f2c755eabf0
0x00007f2c802c8080:   00007f2c802c8200 00007f2ca3dfd928
0x00007f2c802c8090:   00007f2d044319f8 00007f2c802c8218
0x00007f2c802c80a0:   00007f2d04431800 00007f2ca3bcd82d
0x00007f2c802c80b0:   00007f2d04431800 00007f2c802c8100
0x00007f2c802c80c0:   00007f2c802c80e0 00007f2d04431800
0x00007f2c802c80d0:   00007f2c802c8160 00007f2d0adaf93f
0x00007f2c802c80e0:   00007f2cf2a1ff48 00007f2d04431800
0x00007f2c802c80f0:   00007f2cf2a1ff48 00007f2d04431800
0x00007f2c802c8100:   00007f2cf2a1ff48 00007f2d04431800
0x00007f2c802c8110:   00007f2c802c81c0 00007f2cf2a1ff48
0x00007f2c802c8120:   00007f2d04431800 00007f2cf2a1ff48
0x00007f2c802c8130:   00007f2d04431800 00007f2c6d5a6090
0x00007f2c802c8140:   00007f2c802c8180 00007f2cf2a1ff48
0x00007f2c802c8150:   00007f2cf2a1ff48 00007f2c802c81e0
0x00007f2c802c8160:   0000000000000000 00007f2cf2a1ff48
0x00007f2c802c8170:   00007f2c802c8218 00007f2cf5017a34
0x00007f2c802c8180:   00007f2c802c81e0 00007f2cf50177b9
0x00007f2c802c8190:   00007f2d04431800 00007f2cf5017782
0x00007f2c802c81a0:   00007f2c802c81a0 00007f2cf2a1ff48
0x00007f2c802c81b0:   00007f2c802c8218 00007f2cf2a20348
0x00007f2c802c81c0:   0000000000000000 00007f2cf2a1ff48
0x00007f2c802c81d0:   0000000000000000 00007f2c802c8200
0x00007f2c802c81e0:   00007f2c802c8260 00007f2cf5007d00
0x00007f2c802c81f0:   0000000000000000 00007f2cf5011536
0x00007f2c802c8200:   0000000719020628 00007f2c755eabf0
0x00007f2c802c8210:   000000071934aa68 000000071934aa68
0x00007f2c802c8220:   00007f2c802c8220 00007f2cf2a1f28f
0x00007f2c802c8230:   00007f2c802c8278 00007f2cf2a22e00
0x00007f2c802c8240:   0000000000000000 00007f2cf2a1f2b8
0x00007f2c802c8250:   00007f2c802c8200 00007f2c802c8270
0x00007f2c802c8260:   00007f2c802c82c0 00007f2cf50082bd 

Instructions: (pc=0x00007f2ca3bcd6d5)
0x00007f2ca3bcd6b5:   4c 8b 2d 2c f9 22 00 eb 0b 66 90 f6 c4 80 75 5b
0x00007f2ca3bcd6c5:   48 83 c3 01 39 da 0f 8e df 00 00 00 49 8b 47 58
0x00007f2ca3bcd6d5:   48 8b 2c d8 8b 45 20 a8 80 74 e0 48 8b 55 28 49
0x00007f2ca3bcd6e5:   8b 04 24 4c 89 e7 4c 89 f6 48 8b 12 ff 90 c0 00 

Register to memory mapping:

RAX=0x29280300013e7469 is an unknown value
RBX=0x0000000000000000 is an unknown value
RCX=0x00007f2c802c8200 is pointing into the stack for thread: 0x00007f2d04431800
RDX=0x0000000000011700 is an unknown value
RSP=0x00007f2c802c8070 is pointing into the stack for thread: 0x00007f2d04431800
RBP=0x00007f2c802c8200 is pointing into the stack for thread: 0x00007f2d04431800
RSI=0x00007f2c755eabf0 is an unknown value
RDI=0x00007f2d044319f8 is an unknown value
R8 =0x0000000000000000 is an unknown value
R9 =0x0000000000000009 is an unknown value
R10=0x000000000000017a is an unknown value
R11=0x00007f2ca3bcd690: _Z15getArgForBufferP7JNIEnv_P10JNIContextP8_jobject+0 in /tmp/libaparapi_x86_648353103067218827091.so at 0x00007f2ca3bc0000
R12=0x00007f2d044319f8 is an unknown value
R13=0x00007f2ca3dfd928: config+0 in /tmp/libaparapi_x86_648353103067218827091.so at 0x00007f2ca3bc0000
R14=0x00007f2c802c8200 is pointing into the stack for thread: 0x00007f2d04431800
R15=0x00007f2c755eabf0 is an unknown value


Stack: [0x00007f2c801ca000,0x00007f2c802cb000],  sp=0x00007f2c802c8070,  free space=1016k
Native frames: (J=compiled Java code, j=interpreted, Vv=VM code, C=native code)
C  [libaparapi_x86_648353103067218827091.so+0xd6d5]  getArgForBuffer(JNIEnv_*, JNIContext*, _jobject*)+0x45
C  0x00007f2c755eabf0

Java frames: (J=compiled Java code, j=interpreted, Vv=VM code)
j  com.aparapi.internal.jni.KernelRunnerJNI.getJNI(JLjava/lang/Object;)I+0
j  com.aparapi.internal.kernel.KernelRunner.get(Ljava/lang/Object;)V+23
j  com.aparapi.Kernel.get([F)Lcom/aparapi/Kernel;+5
j  com.zishanfu.vistrips.GPUSimulation.GPUPainter$2.display(Lcom/jogamp/opengl/GLAutoDrawable;)V+115
j  jogamp.opengl.GLDrawableHelper.displayImpl(Lcom/jogamp/opengl/GLAutoDrawable;)V+62
j  jogamp.opengl.GLDrawableHelper.display(Lcom/jogamp/opengl/GLAutoDrawable;)V+2
j  com.jogamp.opengl.awt.GLCanvas$11.run()V+118
j  jogamp.opengl.GLDrawableHelper.invokeGLImpl(Lcom/jogamp/opengl/GLDrawable;Lcom/jogamp/opengl/GLContext;Ljava/lang/Runnable;Ljava/lang/Runnable;)V+203
j  jogamp.opengl.GLDrawableHelper.invokeGL(Lcom/jogamp/opengl/GLDrawable;Lcom/jogamp/opengl/GLContext;Ljava/lang/Runnable;Ljava/lang/Runnable;)V+72
j  com.jogamp.opengl.awt.GLCanvas$12.run()V+104
j  java.awt.event.InvocationEvent.dispatch()V+11
j  java.awt.EventQueue.dispatchEventImpl(Ljava/awt/AWTEvent;Ljava/lang/Object;)V+21
j  java.awt.EventQueue.access$500(Ljava/awt/EventQueue;Ljava/awt/AWTEvent;Ljava/lang/Object;)V+3
j  java.awt.EventQueue$3.run()Ljava/lang/Void;+32
j  java.awt.EventQueue$3.run()Ljava/lang/Object;+1
v  ~StubRoutines::call_stub
J 1005  java.security.AccessController.doPrivileged(Ljava/security/PrivilegedAction;Ljava/security/AccessControlContext;)Ljava/lang/Object; (0 bytes) @ 0x00007f2cf53afca3 [0x00007f2cf53afc40+0x63]
J 1037 C1 java.security.ProtectionDomain$JavaSecurityAccessImpl.doIntersectionPrivilege(Ljava/security/PrivilegedAction;Ljava/security/AccessControlContext;Ljava/security/AccessControlContext;)Ljava/lang/Object; (22 bytes) @ 0x00007f2cf53c4c9c [0x00007f2cf53c4820+0x47c]
j  java.awt.EventQueue.dispatchEvent(Ljava/awt/AWTEvent;)V+46
j  java.awt.EventDispatchThread.pumpOneEventForFilters(I)V+245
j  java.awt.EventDispatchThread.pumpEventsForFilter(ILjava/awt/Conditional;Ljava/awt/EventFilter;)V+35
j  java.awt.EventDispatchThread.pumpEventsForHierarchy(ILjava/awt/Conditional;Ljava/awt/Component;)V+11
j  java.awt.EventDispatchThread.pumpEvents(ILjava/awt/Conditional;)V+4
j  java.awt.EventDispatchThread.pumpEvents(Ljava/awt/Conditional;)V+3
j  java.awt.EventDispatchThread.run()V+9
v  ~StubRoutines::call_stub

---------------  P R O C E S S  ---------------

Java Threads: ( => current thread )
  0x00007f2c7560b800 JavaThread "ForkJoinPool-1-worker-0" daemon [_thread_blocked, id=27987, stack(0x00007f2c6cc6a000,0x00007f2c6cd6b000)]
  0x00007f2c58001000 JavaThread "ForkJoinPool-1-worker-7" daemon [_thread_blocked, id=27986, stack(0x00007f2c6cd6b000,0x00007f2c6ce6c000)]
  0x00007f2c5c001000 JavaThread "ForkJoinPool-1-worker-6" daemon [_thread_blocked, id=27985, stack(0x00007f2c6ce6c000,0x00007f2c6cf6d000)]
  0x00007f2c7560a000 JavaThread "ForkJoinPool-1-worker-5" daemon [_thread_blocked, id=27984, stack(0x00007f2c6cf6d000,0x00007f2c6d06e000)]
  0x00007f2c64001000 JavaThread "ForkJoinPool-1-worker-4" daemon [_thread_blocked, id=27983, stack(0x00007f2c6d06e000,0x00007f2c6d16f000)]
  0x00007f2c75607800 JavaThread "ForkJoinPool-1-worker-3" daemon [_thread_blocked, id=27982, stack(0x00007f2c6d16f000,0x00007f2c6d270000)]
  0x00007f2c75605800 JavaThread "ForkJoinPool-1-worker-2" daemon [_thread_blocked, id=27981, stack(0x00007f2c6d270000,0x00007f2c6d371000)]
  0x00007f2c755fb800 JavaThread "ForkJoinPool-1-worker-1" daemon [_thread_blocked, id=27980, stack(0x00007f2c6d371000,0x00007f2c6d472000)]
  0x00007f2d0400b800 JavaThread "DestroyJavaVM" [_thread_blocked, id=27927, stack(0x00007f2d0c205000,0x00007f2d0c306000)]
  0x00007f2d04903800 JavaThread "main-FPSAWTAnimator#00-Timer0" [_thread_blocked, id=27969, stack(0x00007f2c6d7a2000,0x00007f2c6d8a3000)]
  0x00007f2d044e2000 JavaThread "main-SharedResourceRunner" daemon [_thread_blocked, id=27968, stack(0x00007f2c7805f000,0x00007f2c78160000)]
  0x00007f2d044b3800 JavaThread "main-SharedResourceRunner" daemon [_thread_blocked, id=27967, stack(0x00007f2c800c9000,0x00007f2c801ca000)]
=>0x00007f2d04431800 JavaThread "AWT-EventQueue-0" [_thread_in_native, id=27965, stack(0x00007f2c801ca000,0x00007f2c802cb000)]
  0x00007f2d04430800 JavaThread "AWT-Shutdown" [_thread_blocked, id=27964, stack(0x00007f2c80ad6000,0x00007f2c80bd7000)]
  0x00007f2d0480d000 JavaThread "process reaper" daemon [_thread_blocked, id=27960, stack(0x00007f2cc0012000,0x00007f2cc004b000)]
  0x00007f2d04744800 JavaThread "AWT-XAWT" daemon [_thread_blocked, id=27957, stack(0x00007f2c94250000,0x00007f2c94351000)]
  0x00007f2d042d0800 JavaThread "Java2D Disposer" daemon [_thread_blocked, id=27956, stack(0x00007f2c9455b000,0x00007f2c9465c000)]
  0x00007f2d040d4800 JavaThread "Service Thread" daemon [_thread_blocked, id=27944, stack(0x00007f2ca3eff000,0x00007f2ca4000000)]
  0x00007f2d040c9000 JavaThread "C1 CompilerThread3" daemon [_thread_blocked, id=27943, stack(0x00007f2cc004b000,0x00007f2cc014c000)]
  0x00007f2d040c7000 JavaThread "C2 CompilerThread2" daemon [_thread_blocked, id=27942, stack(0x00007f2cc014c000,0x00007f2cc024d000)]
  0x00007f2d040c5000 JavaThread "C2 CompilerThread1" daemon [_thread_blocked, id=27941, stack(0x00007f2cc024d000,0x00007f2cc034e000)]
  0x00007f2d040c2800 JavaThread "C2 CompilerThread0" daemon [_thread_blocked, id=27940, stack(0x00007f2cc034e000,0x00007f2cc044f000)]
  0x00007f2d040c1000 JavaThread "Signal Dispatcher" daemon [_thread_blocked, id=27939, stack(0x00007f2cc044f000,0x00007f2cc0550000)]
  0x00007f2d0408e000 JavaThread "Finalizer" daemon [_thread_blocked, id=27938, stack(0x00007f2cf03bd000,0x00007f2cf04be000)]
  0x00007f2d04089800 JavaThread "Reference Handler" daemon [_thread_blocked, id=27937, stack(0x00007f2cf04be000,0x00007f2cf05bf000)]

Other Threads:
  0x00007f2d04082000 VMThread [stack: 0x00007f2cf05bf000,0x00007f2cf06c0000] [id=27936]
  0x00007f2d040d7000 WatcherThread [stack: 0x00007f2ca3dfe000,0x00007f2ca3eff000] [id=27945]

VM state:not at safepoint (normal execution)

VM Mutex/Monitor currently owned by a thread: None

Heap:
 PSYoungGen      total 150016K, used 81064K [0x0000000718e00000, 0x0000000723500000, 0x00000007c0000000)
  eden space 129024K, 62% used [0x0000000718e00000,0x000000071dd2a0d0,0x0000000720c00000)
  from space 20992K, 0% used [0x0000000722080000,0x0000000722080000,0x0000000723500000)
  to   space 20992K, 0% used [0x0000000720c00000,0x0000000720c00000,0x0000000722080000)
 ParOldGen       total 343040K, used 0K [0x00000005caa00000, 0x00000005df900000, 0x0000000718e00000)
  object space 343040K, 0% used [0x00000005caa00000,0x00000005caa00000,0x00000005df900000)
 Metaspace       used 19796K, capacity 20008K, committed 20224K, reserved 1067008K
  class space    used 2222K, capacity 2294K, committed 2304K, reserved 1048576K

Card table byte_map: [0x00007f2d08015000,0x00007f2d08fc1000] byte_map_base: 0x00007f2d051c0000

Marking Bits: (ParMarkBitMap*) 0x00007f2d0b6ea220
 Begin Bits: [0x00007f2cc0550000, 0x00007f2cc82a8000)
 End Bits:   [0x00007f2cc82a8000, 0x00007f2cd0000000)

Polling page: 0x00007f2d0c33c000

CodeCache: size=245760Kb used=4287Kb max_used=4297Kb free=241472Kb
 bounds [0x00007f2cf5000000, 0x00007f2cf5440000, 0x00007f2d04000000]
 total_blobs=2261 nmethods=1266 adapters=909
 compilation: enabled

Compilation events (10 events):
Event: 4.036 Thread 0x00007f2d040c5000 1260       4       com.aparapi.Kernel::getGlobalId (10 bytes)
Event: 4.036 Thread 0x00007f2d040c2800 1263       4       com.aparapi.internal.kernel.KernelRunner$2::set (31 bytes)
Event: 4.036 Thread 0x00007f2d040c7000 1262       4       com.aparapi.Kernel::getGlobalSize (12 bytes)
Event: 4.036 Thread 0x00007f2d040c9000 1265       3       java.util.concurrent.ForkJoinPool::scan (416 bytes)
Event: 4.036 Thread 0x00007f2d040c5000 nmethod 1260 0x00007f2cf54329d0 code [0x00007f2cf5432b20, 0x00007f2cf5432bd8]
Event: 4.037 Thread 0x00007f2d040c7000 nmethod 1262 0x00007f2cf54254d0 code [0x00007f2cf5425620, 0x00007f2cf54256d8]
Event: 4.037 Thread 0x00007f2d040c9000 nmethod 1265 0x00007f2cf5430310 code [0x00007f2cf54304e0, 0x00007f2cf54310b8]
Event: 4.037 Thread 0x00007f2d040c2800 nmethod 1263 0x00007f2cf542fd10 code [0x00007f2cf542fe80, 0x00007f2cf542fff8]
Event: 4.037 Thread 0x00007f2d040c9000 1266       1       java.util.concurrent.ForkJoinTask$AdaptedRunnableAction::getRawResult (2 bytes)
Event: 4.037 Thread 0x00007f2d040c9000 nmethod 1266 0x00007f2cf5432710 code [0x00007f2cf5432860, 0x00007f2cf5432970]

GC Heap History (0 events):
No events

Deoptimization events (10 events):
Event: 0.841 Thread 0x00007f2d044b3800 Uncommon trap: reason=bimorphic action=maybe_recompile pc=0x00007f2cf52dfec0 method=com.jogamp.common.os.DynamicLibraryBundle.toolDynamicLookupFunction(Ljava/lang/String;)J @ 18
Event: 0.841 Thread 0x00007f2d044b3800 Uncommon trap: reason=bimorphic action=maybe_recompile pc=0x00007f2cf52e8fa4 method=com.jogamp.common.os.DynamicLibraryBundle.dynamicLookupFunction(Ljava/lang/String;)J @ 80
Event: 0.841 Thread 0x00007f2d044b3800 Uncommon trap: reason=bimorphic action=maybe_recompile pc=0x00007f2cf52dfec0 method=com.jogamp.common.os.DynamicLibraryBundle.toolDynamicLookupFunction(Ljava/lang/String;)J @ 18
Event: 0.841 Thread 0x00007f2d044b3800 Uncommon trap: reason=unstable_if action=reinterpret pc=0x00007f2cf52e8d84 method=com.jogamp.common.os.DynamicLibraryBundle.dynamicLookupFunction(Ljava/lang/String;)J @ 65
Event: 0.841 Thread 0x00007f2d044b3800 Uncommon trap: reason=bimorphic action=maybe_recompile pc=0x00007f2cf52dfec0 method=com.jogamp.common.os.DynamicLibraryBundle.toolDynamicLookupFunction(Ljava/lang/String;)J @ 18
Event: 0.841 Thread 0x00007f2d044b3800 Uncommon trap: reason=bimorphic action=maybe_recompile pc=0x00007f2cf52dfec0 method=com.jogamp.common.os.DynamicLibraryBundle.toolDynamicLookupFunction(Ljava/lang/String;)J @ 18
Event: 0.920 Thread 0x00007f2d0400b800 Uncommon trap: reason=unstable_if action=reinterpret pc=0x00007f2cf52fd270 method=java.lang.reflect.AccessibleObject.setAccessible0(Ljava/lang/reflect/AccessibleObject;Z)V @ 4
Event: 3.998 Thread 0x00007f2d04431800 Uncommon trap: reason=unstable_if action=reinterpret pc=0x00007f2cf5311adc method=java.util.StringTokenizer.scanToken(I)I @ 7
Event: 4.003 Thread 0x00007f2d04431800 Uncommon trap: reason=unstable_if action=reinterpret pc=0x00007f2cf539443c method=java.util.logging.Logger.isLoggable(Ljava/util/logging/Level;)Z @ 8
Event: 4.012 Thread 0x00007f2d04431800 Uncommon trap: reason=unstable_if action=reinterpret pc=0x00007f2cf5149d70 method=com.aparapi.Range.getGlobalSize(I)I @ 1

Internal exceptions (10 events):
Event: 1.038 Thread 0x00007f2d04431800 Exception <a 'java/lang/reflect/InvocationTargetException'> (0x000000071a4e8490) thrown at [/HUDSON3/workspace/8-2-build-linux-amd64/jdk8u111/7883/hotspot/src/share/vm/runtime/reflection.cpp, line 1092]
Event: 1.038 Thread 0x00007f2d04431800 Exception <a 'java/lang/reflect/InvocationTargetException'> (0x000000071a4e8c18) thrown at [/HUDSON3/workspace/8-2-build-linux-amd64/jdk8u111/7883/hotspot/src/share/vm/runtime/reflection.cpp, line 1092]
Event: 1.055 Thread 0x00007f2d04431800 Exception <a 'java/lang/reflect/InvocationTargetException'> (0x000000071a4e9420) thrown at [/HUDSON3/workspace/8-2-build-linux-amd64/jdk8u111/7883/hotspot/src/share/vm/runtime/reflection.cpp, line 1092]
Event: 1.058 Thread 0x00007f2d04431800 Exception <a 'java/lang/reflect/InvocationTargetException'> (0x000000071a4edbb8) thrown at [/HUDSON3/workspace/8-2-build-linux-amd64/jdk8u111/7883/hotspot/src/share/vm/runtime/reflection.cpp, line 1092]
Event: 1.072 Thread 0x00007f2d04431800 Exception <a 'java/lang/reflect/InvocationTargetException'> (0x000000071a4ee3a0) thrown at [/HUDSON3/workspace/8-2-build-linux-amd64/jdk8u111/7883/hotspot/src/share/vm/runtime/reflection.cpp, line 1092]
Event: 1.109 Thread 0x00007f2d04431800 Exception <a 'java/lang/UnsupportedOperationException': > (0x000000071a4f4108) thrown at [/HUDSON3/workspace/8-2-build-linux-amd64/jdk8u111/7883/hotspot/src/share/vm/prims/jni.cpp, line 735]
Event: 1.109 Thread 0x00007f2d04431800 Exception <a 'java/lang/reflect/InvocationTargetException'> (0x000000071a4f5000) thrown at [/HUDSON3/workspace/8-2-build-linux-amd64/jdk8u111/7883/hotspot/src/share/vm/runtime/reflection.cpp, line 1092]
Event: 1.114 Thread 0x00007f2d04431800 Exception <a 'java/lang/reflect/InvocationTargetException'> (0x000000071a4f57e8) thrown at [/HUDSON3/workspace/8-2-build-linux-amd64/jdk8u111/7883/hotspot/src/share/vm/runtime/reflection.cpp, line 1092]
Event: 1.114 Thread 0x00007f2d04431800 Exception <a 'java/lang/reflect/InvocationTargetException'> (0x000000071a4f8338) thrown at [/HUDSON3/workspace/8-2-build-linux-amd64/jdk8u111/7883/hotspot/src/share/vm/runtime/reflection.cpp, line 1092]
Event: 1.120 Thread 0x00007f2d04431800 Exception <a 'java/lang/reflect/InvocationTargetException'> (0x000000071a4fc420) thrown at [/HUDSON3/workspace/8-2-build-linux-amd64/jdk8u111/7883/hotspot/src/share/vm/runtime/reflection.cpp, line 1092]

Events (10 events):
Event: 4.034 Thread 0x00007f2c58001000 DEOPT UNPACKING pc=0x00007f2cf5047633 sp=0x00007f2c6ce6a470 mode 0
Event: 4.032 Thread 0x00007f2c7560a000 DEOPT PACKING pc=0x00007f2cf542a9c4 sp=0x00007f2c6d06c430
Event: 4.034 Thread 0x00007f2c64001000 DEOPT UNPACKING pc=0x00007f2cf5047633 sp=0x00007f2c6d16d0f0 mode 0
Event: 4.034 Thread 0x00007f2c7560a000 DEOPT UNPACKING pc=0x00007f2cf5047633 sp=0x00007f2c6d06c170 mode 0
Event: 4.032 Thread 0x00007f2c75607800 DEOPT PACKING pc=0x00007f2cf542a9c4 sp=0x00007f2c6d26e530
Event: 4.032 Thread 0x00007f2c75605800 DEOPT PACKING pc=0x00007f2cf542a9c4 sp=0x00007f2c6d36f4b0
Event: 4.034 Thread 0x00007f2c75607800 DEOPT UNPACKING pc=0x00007f2cf5047633 sp=0x00007f2c6d26e270 mode 0
Event: 4.034 Thread 0x00007f2c75605800 DEOPT UNPACKING pc=0x00007f2cf5047633 sp=0x00007f2c6d36f1f0 mode 0
Event: 4.032 Thread 0x00007f2c755fb800 DEOPT PACKING pc=0x00007f2cf542963a sp=0x00007f2c6d470620
Event: 4.034 Thread 0x00007f2c755fb800 DEOPT UNPACKING pc=0x00007f2cf5047633 sp=0x00007f2c6d470380 mode 0


Dynamic libraries:
00400000-00401000 r-xp 00000000 fc:00 9845962                            /usr/lib/jvm/java-8-oracle/bin/java
00600000-00601000 rw-p 00000000 fc:00 9845962                            /usr/lib/jvm/java-8-oracle/bin/java
00976000-00997000 rw-p 00000000 00:00 0                                  [heap]
5caa00000-5df900000 rw-p 00000000 00:00 0 
5df900000-718e00000 ---p 00000000 00:00 0 
718e00000-723500000 rw-p 00000000 00:00 0 
723500000-7c0000000 ---p 00000000 00:00 0 
7c0000000-7c0240000 rw-p 00000000 00:00 0 
7c0240000-800000000 ---p 00000000 00:00 0 
7f2c40000000-7f2c40021000 rw-p 00000000 00:00 0 
7f2c40021000-7f2c44000000 ---p 00000000 00:00 0 
7f2c48000000-7f2c48021000 rw-p 00000000 00:00 0 
7f2c48021000-7f2c4c000000 ---p 00000000 00:00 0 
7f2c4c000000-7f2c4c021000 rw-p 00000000 00:00 0 
7f2c4c021000-7f2c50000000 ---p 00000000 00:00 0 
7f2c50000000-7f2c50021000 rw-p 00000000 00:00 0 
7f2c50021000-7f2c54000000 ---p 00000000 00:00 0 
7f2c54000000-7f2c54021000 rw-p 00000000 00:00 0 
7f2c54021000-7f2c58000000 ---p 00000000 00:00 0 
7f2c58000000-7f2c58021000 rw-p 00000000 00:00 0 
7f2c58021000-7f2c5c000000 ---p 00000000 00:00 0 
7f2c5c000000-7f2c5c021000 rw-p 00000000 00:00 0 
7f2c5c021000-7f2c60000000 ---p 00000000 00:00 0 
7f2c60000000-7f2c60021000 rw-p 00000000 00:00 0 
7f2c60021000-7f2c64000000 ---p 00000000 00:00 0 
7f2c64000000-7f2c64021000 rw-p 00000000 00:00 0 
7f2c64021000-7f2c68000000 ---p 00000000 00:00 0 
7f2c68000000-7f2c6974a000 rw-p 00000000 00:00 0 
7f2c6974a000-7f2c6c000000 ---p 00000000 00:00 0 
7f2c6cc6a000-7f2c6cc6d000 ---p 00000000 00:00 0 
7f2c6cc6d000-7f2c6cd6b000 rw-p 00000000 00:00 0 
7f2c6cd6b000-7f2c6cd6e000 ---p 00000000 00:00 0 
7f2c6cd6e000-7f2c6ce6c000 rw-p 00000000 00:00 0 
7f2c6ce6c000-7f2c6ce6f000 ---p 00000000 00:00 0 
7f2c6ce6f000-7f2c6cf6d000 rw-p 00000000 00:00 0 
7f2c6cf6d000-7f2c6cf70000 ---p 00000000 00:00 0 
7f2c6cf70000-7f2c6d06e000 rw-p 00000000 00:00 0 
7f2c6d06e000-7f2c6d071000 ---p 00000000 00:00 0 
7f2c6d071000-7f2c6d16f000 rw-p 00000000 00:00 0 
7f2c6d16f000-7f2c6d172000 ---p 00000000 00:00 0 
7f2c6d172000-7f2c6d270000 rw-p 00000000 00:00 0 
7f2c6d270000-7f2c6d273000 ---p 00000000 00:00 0 
7f2c6d273000-7f2c6d371000 rw-p 00000000 00:00 0 
7f2c6d371000-7f2c6d374000 ---p 00000000 00:00 0 
7f2c6d374000-7f2c6d5f2000 rw-p 00000000 00:00 0 
7f2c6d5f2000-7f2c6d672000 ---p 00000000 00:00 0 
7f2c6d672000-7f2c6d682000 rw-s 00000000 00:05 124060100                  /drm mm object (deleted)
7f2c6d682000-7f2c6d692000 rw-s 00000000 00:05 124060099                  /drm mm object (deleted)
7f2c6d692000-7f2c6d6a2000 rw-s 00000000 00:05 124060098                  /drm mm object (deleted)
7f2c6d6a2000-7f2c6d6b2000 rw-s 00000000 00:05 124060097                  /drm mm object (deleted)
7f2c6d6b2000-7f2c6d6c2000 rw-s 00000000 00:05 124060096                  /drm mm object (deleted)
7f2c6d6c2000-7f2c6d6d2000 rw-s 00000000 00:05 124060095                  /drm mm object (deleted)
7f2c6d6d2000-7f2c6d6e2000 rw-s 00000000 00:05 124060094                  /drm mm object (deleted)
7f2c6d6e2000-7f2c6d6f2000 rw-s 00000000 00:05 124060093                  /drm mm object (deleted)
7f2c6d6f2000-7f2c6d702000 rw-s 00000000 00:05 124060092                  /drm mm object (deleted)
7f2c6d702000-7f2c6d712000 rw-s 00000000 00:05 124060091                  /drm mm object (deleted)
7f2c6d712000-7f2c6d722000 rw-s 00000000 00:05 124060090                  /drm mm object (deleted)
7f2c6d722000-7f2c6d732000 rw-s 00000000 00:05 124060089                  /drm mm object (deleted)
7f2c6d732000-7f2c6d742000 rw-s 00000000 00:05 124060088                  /drm mm object (deleted)
7f2c6d742000-7f2c6d752000 rw-s 00000000 00:05 124060087                  /drm mm object (deleted)
7f2c6d752000-7f2c6d762000 rw-s 00000000 00:05 124060086                  /drm mm object (deleted)
7f2c6d762000-7f2c6d772000 rw-s 00000000 00:05 124060085                  /drm mm object (deleted)
7f2c6d772000-7f2c6d782000 rw-s 00000000 00:05 124060081                  /drm mm object (deleted)
7f2c6d782000-7f2c6d792000 rw-s 00000000 00:05 124060080                  /drm mm object (deleted)
7f2c6d792000-7f2c6d7a2000 rw-s 00000000 00:05 124060079                  /drm mm object (deleted)
7f2c6d7a2000-7f2c6d7a5000 ---p 00000000 00:00 0 
7f2c6d7a5000-7f2c6d8a3000 rw-p 00000000 00:00 0 
7f2c6d8a3000-7f2c6d90c000 r-xp 00000000 fc:00 9843057                    /usr/lib/jvm/java-8-oracle/jre/lib/amd64/libt2k.so
7f2c6d90c000-7f2c6db0c000 ---p 00069000 fc:00 9843057                    /usr/lib/jvm/java-8-oracle/jre/lib/amd64/libt2k.so
7f2c6db0c000-7f2c6db13000 rw-p 00069000 fc:00 9843057                    /usr/lib/jvm/java-8-oracle/jre/lib/amd64/libt2k.so
7f2c6db13000-7f2c6db23000 rw-p 00000000 00:00 0 
7f2c6db23000-7f2c6db3a000 r-xp 00000000 fc:00 11024052                   /lib/x86_64-linux-gnu/libresolv-2.23.so
7f2c6db3a000-7f2c6dd3a000 ---p 00017000 fc:00 11024052                   /lib/x86_64-linux-gnu/libresolv-2.23.so
7f2c6dd3a000-7f2c6dd3b000 r--p 00017000 fc:00 11024052                   /lib/x86_64-linux-gnu/libresolv-2.23.so
7f2c6dd3b000-7f2c6dd3c000 rw-p 00018000 fc:00 11024052                   /lib/x86_64-linux-gnu/libresolv-2.23.so
7f2c6dd3c000-7f2c6dd3e000 rw-p 00000000 00:00 0 
7f2c6dd3e000-7f2c6dd43000 r-xp 00000000 fc:00 11024058                   /lib/x86_64-linux-gnu/libnss_dns-2.23.so
7f2c6dd43000-7f2c6df43000 ---p 00005000 fc:00 11024058                   /lib/x86_64-linux-gnu/libnss_dns-2.23.so
7f2c6df43000-7f2c6df44000 r--p 00005000 fc:00 11024058                   /lib/x86_64-linux-gnu/libnss_dns-2.23.so
7f2c6df44000-7f2c6df45000 rw-p 00006000 fc:00 11024058                   /lib/x86_64-linux-gnu/libnss_dns-2.23.so
7f2c6df45000-7f2c6df47000 r-xp 00000000 fc:00 11011175                   /lib/x86_64-linux-gnu/libnss_mdns4_minimal.so.2
7f2c6df47000-7f2c6e146000 ---p 00002000 fc:00 11011175                   /lib/x86_64-linux-gnu/libnss_mdns4_minimal.so.2
7f2c6e146000-7f2c6e147000 r--p 00001000 fc:00 11011175                   /lib/x86_64-linux-gnu/libnss_mdns4_minimal.so.2
7f2c6e147000-7f2c6e148000 rw-p 00002000 fc:00 11011175                   /lib/x86_64-linux-gnu/libnss_mdns4_minimal.so.2
7f2c6e148000-7f2c6e348000 rw-p 00000000 00:00 0 
7f2c6e348000-7f2c6e34a000 r-xp 00000000 fc:00 6299479                    /usr/lib/x86_64-linux-gnu/libXinerama.so.1.0.0
7f2c6e34a000-7f2c6e549000 ---p 00002000 fc:00 6299479                    /usr/lib/x86_64-linux-gnu/libXinerama.so.1.0.0
7f2c6e549000-7f2c6e54a000 r--p 00001000 fc:00 6299479                    /usr/lib/x86_64-linux-gnu/libXinerama.so.1.0.0
7f2c6e54a000-7f2c6e54b000 rw-p 00002000 fc:00 6299479                    /usr/lib/x86_64-linux-gnu/libXinerama.so.1.0.0
7f2c6e54b000-7f2c6e556000 r-xp 00000000 fc:00 6292083                    /usr/lib/x86_64-linux-gnu/libdrm_radeon.so.1.0.1
7f2c6e556000-7f2c6e755000 ---p 0000b000 fc:00 6292083                    /usr/lib/x86_64-linux-gnu/libdrm_radeon.so.1.0.1
7f2c6e755000-7f2c6e756000 r--p 0000a000 fc:00 6292083                    /usr/lib/x86_64-linux-gnu/libdrm_radeon.so.1.0.1
7f2c6e756000-7f2c6e757000 rw-p 0000b000 fc:00 6292083                    /usr/lib/x86_64-linux-gnu/libdrm_radeon.so.1.0.1
7f2c6e757000-7f2c6e75e000 r-xp 00000000 fc:00 6292107                    /usr/lib/x86_64-linux-gnu/libdrm_nouveau.so.2.0.0
7f2c6e75e000-7f2c6e95d000 ---p 00007000 fc:00 6292107                    /usr/lib/x86_64-linux-gnu/libdrm_nouveau.so.2.0.0
7f2c6e95d000-7f2c6e95e000 r--p 00006000 fc:00 6292107                    /usr/lib/x86_64-linux-gnu/libdrm_nouveau.so.2.0.0
7f2c6e95e000-7f2c6e95f000 rw-p 00007000 fc:00 6292107                    /usr/lib/x86_64-linux-gnu/libdrm_nouveau.so.2.0.0
7f2c6e95f000-7f2c6f23f000 r-xp 00000000 fc:00 6690427                    /usr/lib/x86_64-linux-gnu/dri/i965_dri.so
7f2c6f23f000-7f2c6f43f000 ---p 008e0000 fc:00 6690427                    /usr/lib/x86_64-linux-gnu/dri/i965_dri.so
7f2c6f43f000-7f2c6f48f000 r--p 008e0000 fc:00 6690427                    /usr/lib/x86_64-linux-gnu/dri/i965_dri.so
7f2c6f48f000-7f2c6f49a000 rw-p 00930000 fc:00 6690427                    /usr/lib/x86_64-linux-gnu/dri/i965_dri.so
7f2c6f49a000-7f2c6f53f000 rw-p 00000000 00:00 0 
7f2c6f53f000-7f2c6f59b000 r-xp 00000000 fc:00 277741                     /tmp/jogamp_0000/file_cache/jln4209018752026813061/jln352516837478501877/natives/linux-amd64/libjogl_mobile.so
7f2c6f59b000-7f2c6f79b000 ---p 0005c000 fc:00 277741                     /tmp/jogamp_0000/file_cache/jln4209018752026813061/jln352516837478501877/natives/linux-amd64/libjogl_mobile.so
7f2c6f79b000-7f2c6f79c000 rw-p 0005c000 fc:00 277741                     /tmp/jogamp_0000/file_cache/jln4209018752026813061/jln352516837478501877/natives/linux-amd64/libjogl_mobile.so
7f2c6f79c000-7f2c6f7a3000 r-xp 00000000 fc:00 6298979                    /usr/lib/x86_64-linux-gnu/liburcu-bp.so.4.0.0
7f2c6f7a3000-7f2c6f9a2000 ---p 00007000 fc:00 6298979                    /usr/lib/x86_64-linux-gnu/liburcu-bp.so.4.0.0
7f2c6f9a2000-7f2c6f9a3000 r--p 00006000 fc:00 6298979                    /usr/lib/x86_64-linux-gnu/liburcu-bp.so.4.0.0
7f2c6f9a3000-7f2c6f9a4000 rw-p 00007000 fc:00 6298979                    /usr/lib/x86_64-linux-gnu/liburcu-bp.so.4.0.0
7f2c6f9a4000-7f2c6f9ad000 r-xp 00000000 fc:00 6299034                    /usr/lib/x86_64-linux-gnu/liblttng-ust-tracepoint.so.0.0.0
7f2c6f9ad000-7f2c6fbad000 ---p 00009000 fc:00 6299034                    /usr/lib/x86_64-linux-gnu/liblttng-ust-tracepoint.so.0.0.0
7f2c6fbad000-7f2c6fbae000 r--p 00009000 fc:00 6299034                    /usr/lib/x86_64-linux-gnu/liblttng-ust-tracepoint.so.0.0.0
7f2c6fbae000-7f2c6fbaf000 rw-p 0000a000 fc:00 6299034                    /usr/lib/x86_64-linux-gnu/liblttng-ust-tracepoint.so.0.0.0
7f2c6fbaf000-7f2c6fbbf000 rw-p 00000000 00:00 0 
7f2c6fbbf000-7f2c6fbe6000 r-xp 00000000 fc:00 6298626                    /usr/lib/x86_64-linux-gnu/libkj-0.5.3.so
7f2c6fbe6000-7f2c6fde6000 ---p 00027000 fc:00 6298626                    /usr/lib/x86_64-linux-gnu/libkj-0.5.3.so
7f2c6fde6000-7f2c6fde7000 r--p 00027000 fc:00 6298626                    /usr/lib/x86_64-linux-gnu/libkj-0.5.3.so
7f2c6fde7000-7f2c6fde8000 rw-p 00028000 fc:00 6298626                    /usr/lib/x86_64-linux-gnu/libkj-0.5.3.so
7f2c6fde8000-7f2c6fdff000 r-xp 00000000 fc:00 6293646                    /usr/lib/x86_64-linux-gnu/libboost_filesystem.so.1.58.0
7f2c6fdff000-7f2c6fffe000 ---p 00017000 fc:00 6293646                    /usr/lib/x86_64-linux-gnu/libboost_filesystem.so.1.58.0
7f2c6fffe000-7f2c6ffff000 r--p 00016000 fc:00 6293646                    /usr/lib/x86_64-linux-gnu/libboost_filesystem.so.1.58.0
7f2c6ffff000-7f2c70000000 rw-p 00017000 fc:00 6293646                    /usr/lib/x86_64-linux-gnu/libboost_filesystem.so.1.58.0
7f2c70000000-7f2c72c41000 rw-p 00000000 00:00 0 
7f2c72c41000-7f2c74000000 ---p 00000000 00:00 0 
7f2c74000000-7f2c759bd000 rw-p 00000000 00:00 0 
7f2c759bd000-7f2c78000000 ---p 00000000 00:00 0 
7f2c7800f000-7f2c7801f000 rw-s 00000000 00:05 124060078                  /drm mm object (deleted)
7f2c7801f000-7f2c7802f000 rw-s 00000000 00:05 124060077                  /drm mm object (deleted)
7f2c7802f000-7f2c7803f000 rw-s 00000000 00:05 124060076                  /drm mm object (deleted)
7f2c7803f000-7f2c7804f000 rw-s 00000000 00:05 124060075                  /drm mm object (deleted)
7f2c7804f000-7f2c7805f000 rw-s 00000000 00:05 124060074                  /drm mm object (deleted)
7f2c7805f000-7f2c78062000 ---p 00000000 00:00 0 
7f2c78062000-7f2c78160000 rw-p 00000000 00:00 0 
7f2c78160000-7f2c78190000 r-xp 00000000 fc:00 6294198                    /usr/lib/x86_64-linux-gnu/libprotobuf-lite.so.9.0.1
7f2c78190000-7f2c7838f000 ---p 00030000 fc:00 6294198                    /usr/lib/x86_64-linux-gnu/libprotobuf-lite.so.9.0.1
7f2c7838f000-7f2c78390000 r--p 0002f000 fc:00 6294198                    /usr/lib/x86_64-linux-gnu/libprotobuf-lite.so.9.0.1
7f2c78390000-7f2c78391000 rw-p 00030000 fc:00 6294198                    /usr/lib/x86_64-linux-gnu/libprotobuf-lite.so.9.0.1
7f2c78391000-7f2c78394000 r-xp 00000000 fc:00 6294072                    /usr/lib/x86_64-linux-gnu/libboost_system.so.1.58.0
7f2c78394000-7f2c78593000 ---p 00003000 fc:00 6294072                    /usr/lib/x86_64-linux-gnu/libboost_system.so.1.58.0
7f2c78593000-7f2c78594000 r--p 00002000 fc:00 6294072                    /usr/lib/x86_64-linux-gnu/libboost_system.so.1.58.0
7f2c78594000-7f2c78595000 rw-p 00003000 fc:00 6294072                    /usr/lib/x86_64-linux-gnu/libboost_system.so.1.58.0
7f2c78595000-7f2c7859c000 r-xp 00000000 fc:00 6292524                    /usr/lib/x86_64-linux-gnu/libmircore.so.1
7f2c7859c000-7f2c7879c000 ---p 00007000 fc:00 6292524                    /usr/lib/x86_64-linux-gnu/libmircore.so.1
7f2c7879c000-7f2c7879d000 r--p 00007000 fc:00 6292524                    /usr/lib/x86_64-linux-gnu/libmircore.so.1
7f2c7879d000-7f2c7879e000 rw-p 00008000 fc:00 6292524                    /usr/lib/x86_64-linux-gnu/libmircore.so.1
7f2c7879e000-7f2c78823000 r-xp 00000000 fc:00 6298625                    /usr/lib/x86_64-linux-gnu/libcapnp-0.5.3.so
7f2c78823000-7f2c78a22000 ---p 00085000 fc:00 6298625                    /usr/lib/x86_64-linux-gnu/libcapnp-0.5.3.so
7f2c78a22000-7f2c78a25000 r--p 00084000 fc:00 6298625                    /usr/lib/x86_64-linux-gnu/libcapnp-0.5.3.so
7f2c78a25000-7f2c78a26000 rw-p 00087000 fc:00 6298625                    /usr/lib/x86_64-linux-gnu/libcapnp-0.5.3.so
7f2c78a26000-7f2c78a95000 r-xp 00000000 fc:00 6292101                    /usr/lib/x86_64-linux-gnu/libmirprotobuf.so.3
7f2c78a95000-7f2c78c94000 ---p 0006f000 fc:00 6292101                    /usr/lib/x86_64-linux-gnu/libmirprotobuf.so.3
7f2c78c94000-7f2c78c97000 r--p 0006e000 fc:00 6292101                    /usr/lib/x86_64-linux-gnu/libmirprotobuf.so.3
7f2c78c97000-7f2c78c98000 rw-p 00071000 fc:00 6292101                    /usr/lib/x86_64-linux-gnu/libmirprotobuf.so.3
7f2c78c98000-7f2c78cdc000 r-xp 00000000 fc:00 6292525                    /usr/lib/x86_64-linux-gnu/libmircommon.so.7
7f2c78cdc000-7f2c78edc000 ---p 00044000 fc:00 6292525                    /usr/lib/x86_64-linux-gnu/libmircommon.so.7
7f2c78edc000-7f2c78ede000 r--p 00044000 fc:00 6292525                    /usr/lib/x86_64-linux-gnu/libmircommon.so.7
7f2c78ede000-7f2c78edf000 rw-p 00046000 fc:00 6292525                    /usr/lib/x86_64-linux-gnu/libmircommon.so.7
7f2c78edf000-7f2c78f1c000 r-xp 00000000 fc:00 6294206                    /usr/lib/x86_64-linux-gnu/libxkbcommon.so.0.0.0
7f2c78f1c000-7f2c7911b000 ---p 0003d000 fc:00 6294206                    /usr/lib/x86_64-linux-gnu/libxkbcommon.so.0.0.0
7f2c7911b000-7f2c7911d000 r--p 0003c000 fc:00 6294206                    /usr/lib/x86_64-linux-gnu/libxkbcommon.so.0.0.0
7f2c7911d000-7f2c7911e000 rw-p 0003e000 fc:00 6294206                    /usr/lib/x86_64-linux-gnu/libxkbcommon.so.0.0.0
7f2c7911e000-7f2c791be000 r-xp 00000000 fc:00 6292527                    /usr/lib/x86_64-linux-gnu/libmirclient.so.9
7f2c791be000-7f2c793bd000 ---p 000a0000 fc:00 6292527                    /usr/lib/x86_64-linux-gnu/libmirclient.so.9
7f2c793bd000-7f2c793c3000 r--p 0009f000 fc:00 6292527                    /usr/lib/x86_64-linux-gnu/libmirclient.so.9
7f2c793c3000-7f2c793c5000 rw-p 000a5000 fc:00 6292527                    /usr/lib/x86_64-linux-gnu/libmirclient.so.9
7f2c793c5000-7f2c793d5000 r-xp 00000000 fc:00 6292424                    /usr/lib/x86_64-linux-gnu/libwayland-server.so.0.1.0
7f2c793d5000-7f2c795d4000 ---p 00010000 fc:00 6292424                    /usr/lib/x86_64-linux-gnu/libwayland-server.so.0.1.0
7f2c795d4000-7f2c795d6000 r--p 0000f000 fc:00 6292424                    /usr/lib/x86_64-linux-gnu/libwayland-server.so.0.1.0
7f2c795d6000-7f2c795d7000 rw-p 00011000 fc:00 6292424                    /usr/lib/x86_64-linux-gnu/libwayland-server.so.0.1.0
7f2c795d7000-7f2c795e3000 r-xp 00000000 fc:00 6292762                    /usr/lib/x86_64-linux-gnu/libgbm.so.1.0.0
7f2c795e3000-7f2c797e3000 ---p 0000c000 fc:00 6292762                    /usr/lib/x86_64-linux-gnu/libgbm.so.1.0.0
7f2c797e3000-7f2c797e4000 r--p 0000c000 fc:00 6292762                    /usr/lib/x86_64-linux-gnu/libgbm.so.1.0.0
7f2c797e4000-7f2c797e5000 rw-p 0000d000 fc:00 6292762                    /usr/lib/x86_64-linux-gnu/libgbm.so.1.0.0
7f2c797e5000-7f2c797f1000 r-xp 00000000 fc:00 6292359                    /usr/lib/x86_64-linux-gnu/libwayland-client.so.0.3.0
7f2c797f1000-7f2c799f1000 ---p 0000c000 fc:00 6292359                    /usr/lib/x86_64-linux-gnu/libwayland-client.so.0.3.0
7f2c799f1000-7f2c799f3000 r--p 0000c000 fc:00 6292359                    /usr/lib/x86_64-linux-gnu/libwayland-client.so.0.3.0
7f2c799f3000-7f2c799f4000 rw-p 0000e000 fc:00 6292359                    /usr/lib/x86_64-linux-gnu/libwayland-client.so.0.3.0
7f2c799f4000-7f2c799fa000 r-xp 00000000 fc:00 6300385                    /usr/lib/x86_64-linux-gnu/libxcb-xfixes.so.0.0.0
7f2c799fa000-7f2c79bfa000 ---p 00006000 fc:00 6300385                    /usr/lib/x86_64-linux-gnu/libxcb-xfixes.so.0.0.0
7f2c79bfa000-7f2c79bfb000 r--p 00006000 fc:00 6300385                    /usr/lib/x86_64-linux-gnu/libxcb-xfixes.so.0.0.0
7f2c79bfb000-7f2c79bfc000 rw-p 00007000 fc:00 6300385                    /usr/lib/x86_64-linux-gnu/libxcb-xfixes.so.0.0.0
7f2c79bfc000-7f2c79c34000 r-xp 00000000 fc:00 8519717                    /usr/lib/x86_64-linux-gnu/mesa-egl/libEGL.so.1.0.0
7f2c79c34000-7f2c79e33000 ---p 00038000 fc:00 8519717                    /usr/lib/x86_64-linux-gnu/mesa-egl/libEGL.so.1.0.0
7f2c79e33000-7f2c79e35000 r--p 00037000 fc:00 8519717                    /usr/lib/x86_64-linux-gnu/mesa-egl/libEGL.so.1.0.0
7f2c79e35000-7f2c79e36000 rw-p 00039000 fc:00 8519717                    /usr/lib/x86_64-linux-gnu/mesa-egl/libEGL.so.1.0.0
7f2c79e36000-7f2c79e3e000 r-xp 00000000 fc:00 8519695                    /usr/lib/x86_64-linux-gnu/mesa-egl/libGLESv2.so.2.0.0
7f2c79e3e000-7f2c7a03d000 ---p 00008000 fc:00 8519695                    /usr/lib/x86_64-linux-gnu/mesa-egl/libGLESv2.so.2.0.0
7f2c7a03d000-7f2c7a03e000 r--p 00007000 fc:00 8519695                    /usr/lib/x86_64-linux-gnu/mesa-egl/libGLESv2.so.2.0.0
7f2c7a03e000-7f2c7a03f000 rw-p 00008000 fc:00 8519695                    /usr/lib/x86_64-linux-gnu/mesa-egl/libGLESv2.so.2.0.0
7f2c7a03f000-7f2c7a0f7000 r-xp 00000000 fc:00 277740                     /tmp/jogamp_0000/file_cache/jln4209018752026813061/jln352516837478501877/natives/linux-amd64/libjogl_desktop.so
7f2c7a0f7000-7f2c7a2f7000 ---p 000b8000 fc:00 277740                     /tmp/jogamp_0000/file_cache/jln4209018752026813061/jln352516837478501877/natives/linux-amd64/libjogl_desktop.so
7f2c7a2f7000-7f2c7a2f8000 rw-p 000b8000 fc:00 277740                     /tmp/jogamp_0000/file_cache/jln4209018752026813061/jln352516837478501877/natives/linux-amd64/libjogl_desktop.so
7f2c7a2f8000-7f2c7a2fc000 r-xp 00000000 fc:00 6300503                    /usr/lib/x86_64-linux-gnu/libxcb-dri2.so.0.0.0
7f2c7a2fc000-7f2c7a4fb000 ---p 00004000 fc:00 6300503                    /usr/lib/x86_64-linux-gnu/libxcb-dri2.so.0.0.0
7f2c7a4fb000-7f2c7a4fc000 r--p 00003000 fc:00 6300503                    /usr/lib/x86_64-linux-gnu/libxcb-dri2.so.0.0.0
7f2c7a4fc000-7f2c7a4fd000 rw-p 00004000 fc:00 6300503                    /usr/lib/x86_64-linux-gnu/libxcb-dri2.so.0.0.0
7f2c7a4fd000-7f2c7a514000 r-xp 00000000 fc:00 6300511                    /usr/lib/x86_64-linux-gnu/libxcb-glx.so.0.0.0
7f2c7a514000-7f2c7a713000 ---p 00017000 fc:00 6300511                    /usr/lib/x86_64-linux-gnu/libxcb-glx.so.0.0.0
7f2c7a713000-7f2c7a715000 r--p 00016000 fc:00 6300511                    /usr/lib/x86_64-linux-gnu/libxcb-glx.so.0.0.0
7f2c7a715000-7f2c7a716000 rw-p 00018000 fc:00 6300511                    /usr/lib/x86_64-linux-gnu/libxcb-glx.so.0.0.0
7f2c7a716000-7f2c7a717000 r-xp 00000000 fc:00 6298592                    /usr/lib/x86_64-linux-gnu/libX11-xcb.so.1.0.0
7f2c7a717000-7f2c7a916000 ---p 00001000 fc:00 6298592                    /usr/lib/x86_64-linux-gnu/libX11-xcb.so.1.0.0
7f2c7a916000-7f2c7a917000 r--p 00000000 fc:00 6298592                    /usr/lib/x86_64-linux-gnu/libX11-xcb.so.1.0.0
7f2c7a917000-7f2c7a918000 rw-p 00001000 fc:00 6298592                    /usr/lib/x86_64-linux-gnu/libX11-xcb.so.1.0.0
7f2c7a918000-7f2c7a91a000 r-xp 00000000 fc:00 6293436                    /usr/lib/x86_64-linux-gnu/libXdamage.so.1.1.0
7f2c7a91a000-7f2c7ab19000 ---p 00002000 fc:00 6293436                    /usr/lib/x86_64-linux-gnu/libXdamage.so.1.1.0
7f2c7ab19000-7f2c7ab1a000 r--p 00001000 fc:00 6293436                    /usr/lib/x86_64-linux-gnu/libXdamage.so.1.1.0
7f2c7ab1a000-7f2c7ab1b000 rw-p 00002000 fc:00 6293436                    /usr/lib/x86_64-linux-gnu/libXdamage.so.1.1.0
7f2c7ab1b000-7f2c7ab47000 r-xp 00000000 fc:00 6292923                    /usr/lib/x86_64-linux-gnu/libglapi.so.0.0.0
7f2c7ab47000-7f2c7ad46000 ---p 0002c000 fc:00 6292923                    /usr/lib/x86_64-linux-gnu/libglapi.so.0.0.0
7f2c7ad46000-7f2c7ad4a000 r--p 0002b000 fc:00 6292923                    /usr/lib/x86_64-linux-gnu/libglapi.so.0.0.0
7f2c7ad4a000-7f2c7ad4b000 rw-p 0002f000 fc:00 6292923                    /usr/lib/x86_64-linux-gnu/libglapi.so.0.0.0
7f2c7ad4b000-7f2c7ad4c000 rw-p 00000000 00:00 0 
7f2c7ad4c000-7f2c7ad4d000 r-xp 00000000 fc:00 6300445                    /usr/lib/x86_64-linux-gnu/libxshmfence.so.1.0.0
7f2c7ad4d000-7f2c7af4d000 ---p 00001000 fc:00 6300445                    /usr/lib/x86_64-linux-gnu/libxshmfence.so.1.0.0
7f2c7af4d000-7f2c7af4e000 r--p 00001000 fc:00 6300445                    /usr/lib/x86_64-linux-gnu/libxshmfence.so.1.0.0
7f2c7af4e000-7f2c7af4f000 rw-p 00002000 fc:00 6300445                    /usr/lib/x86_64-linux-gnu/libxshmfence.so.1.0.0
7f2c7af4f000-7f2c7af54000 r-xp 00000000 fc:00 6300440                    /usr/lib/x86_64-linux-gnu/libxcb-sync.so.1.0.0
7f2c7af54000-7f2c7b154000 ---p 00005000 fc:00 6300440                    /usr/lib/x86_64-linux-gnu/libxcb-sync.so.1.0.0
7f2c7b154000-7f2c7b155000 r--p 00005000 fc:00 6300440                    /usr/lib/x86_64-linux-gnu/libxcb-sync.so.1.0.0
7f2c7b155000-7f2c7b156000 rw-p 00006000 fc:00 6300440                    /usr/lib/x86_64-linux-gnu/libxcb-sync.so.1.0.0
7f2c7b156000-7f2c7b158000 r-xp 00000000 fc:00 6300364                    /usr/lib/x86_64-linux-gnu/libxcb-present.so.0.0.0
7f2c7b158000-7f2c7b357000 ---p 00002000 fc:00 6300364                    /usr/lib/x86_64-linux-gnu/libxcb-present.so.0.0.0
7f2c7b357000-7f2c7b358000 r--p 00001000 fc:00 6300364                    /usr/lib/x86_64-linux-gnu/libxcb-present.so.0.0.0
7f2c7b358000-7f2c7b359000 rw-p 00002000 fc:00 6300364                    /usr/lib/x86_64-linux-gnu/libxcb-present.so.0.0.0
7f2c7b359000-7f2c7b35b000 r-xp 00000000 fc:00 6300345                    /usr/lib/x86_64-linux-gnu/libxcb-dri3.so.0.0.0
7f2c7b35b000-7f2c7b55a000 ---p 00002000 fc:00 6300345                    /usr/lib/x86_64-linux-gnu/libxcb-dri3.so.0.0.0
7f2c7b55a000-7f2c7b55b000 r--p 00001000 fc:00 6300345                    /usr/lib/x86_64-linux-gnu/libxcb-dri3.so.0.0.0
7f2c7b55b000-7f2c7b55c000 rw-p 00002000 fc:00 6300345                    /usr/lib/x86_64-linux-gnu/libxcb-dri3.so.0.0.0
7f2c7b55c000-7f2c7b582000 r-xp 00000000 fc:00 11010501                   /lib/x86_64-linux-gnu/libexpat.so.1.6.0
7f2c7b582000-7f2c7b782000 ---p 00026000 fc:00 11010501                   /lib/x86_64-linux-gnu/libexpat.so.1.6.0
7f2c7b782000-7f2c7b784000 r--p 00026000 fc:00 11010501                   /lib/x86_64-linux-gnu/libexpat.so.1.6.0
7f2c7b784000-7f2c7b785000 rw-p 00028000 fc:00 11010501                   /lib/x86_64-linux-gnu/libexpat.so.1.6.0
7f2c7b785000-7f2c7b7f5000 r-xp 00000000 fc:00 6684866                    /usr/lib/x86_64-linux-gnu/mesa/libGL.so.1.2.0
7f2c7b7f5000-7f2c7b9f4000 ---p 00070000 fc:00 6684866                    /usr/lib/x86_64-linux-gnu/mesa/libGL.so.1.2.0
7f2c7b9f4000-7f2c7b9f7000 r--p 0006f000 fc:00 6684866                    /usr/lib/x86_64-linux-gnu/mesa/libGL.so.1.2.0
7f2c7b9f7000-7f2c7b9f8000 rw-p 00072000 fc:00 6684866                    /usr/lib/x86_64-linux-gnu/mesa/libGL.so.1.2.0
7f2c7b9f8000-7f2c7bbf9000 rw-p 00000000 00:00 0 
7f2c7bbf9000-7f2c7bdf9000 rw-p 00000000 00:00 0 
7f2c7bdf9000-7f2c7be00000 r-xp 00000000 fc:00 277743                     /tmp/jogamp_0000/file_cache/jln4209018752026813061/jln352516837478501877/natives/linux-amd64/libnativewindow_x11.so
7f2c7be00000-7f2c7bfff000 ---p 00007000 fc:00 277743                     /tmp/jogamp_0000/file_cache/jln4209018752026813061/jln352516837478501877/natives/linux-amd64/libnativewindow_x11.so
7f2c7bfff000-7f2c7c000000 rw-p 00006000 fc:00 277743                     /tmp/jogamp_0000/file_cache/jln4209018752026813061/jln352516837478501877/natives/linux-amd64/libnativewindow_x11.so
7f2c7c000000-7f2c7c021000 rw-p 00000000 00:00 0 
7f2c7c021000-7f2c80000000 ---p 00000000 00:00 0 
7f2c80009000-7f2c80019000 rw-s 00000000 00:05 124060073                  /drm mm object (deleted)
7f2c80019000-7f2c80029000 rw-s 00000000 00:05 124060072                  /drm mm object (deleted)
7f2c80029000-7f2c80039000 rw-s 00000000 00:05 124060071                  /drm mm object (deleted)
7f2c80039000-7f2c80049000 rw-s 00000000 00:05 124060070                  /drm mm object (deleted)
7f2c80049000-7f2c80059000 rw-s 00000000 00:05 124060069                  /drm mm object (deleted)
7f2c80059000-7f2c80069000 rw-s 00000000 00:05 124060068                  /drm mm object (deleted)
7f2c80069000-7f2c80079000 rw-s 00000000 00:05 124060067                  /drm mm object (deleted)
7f2c80079000-7f2c80089000 rw-s 00000000 00:05 124060066                  /drm mm object (deleted)
7f2c80089000-7f2c80099000 rw-s 00000000 00:05 124060065                  /drm mm object (deleted)
7f2c80099000-7f2c800a9000 rw-s 00000000 00:05 124060064                  /drm mm object (deleted)
7f2c800a9000-7f2c800b9000 rw-s 00000000 00:05 124060063                  /drm mm object (deleted)
7f2c800b9000-7f2c800c9000 rw-s 00000000 00:05 124060062                  /drm mm object (deleted)
7f2c800c9000-7f2c800cc000 ---p 00000000 00:00 0 
7f2c800cc000-7f2c801ca000 rw-p 00000000 00:00 0 
7f2c801ca000-7f2c801cd000 ---p 00000000 00:00 0 
7f2c801cd000-7f2c802cb000 rw-p 00000000 00:00 0 
7f2c802cb000-7f2c802d0000 r-xp 00000000 fc:00 6300519                    /usr/lib/x86_64-linux-gnu/libXxf86vm.so.1.0.0
7f2c802d0000-7f2c804cf000 ---p 00005000 fc:00 6300519                    /usr/lib/x86_64-linux-gnu/libXxf86vm.so.1.0.0
7f2c804cf000-7f2c804d0000 r--p 00004000 fc:00 6300519                    /usr/lib/x86_64-linux-gnu/libXxf86vm.so.1.0.0
7f2c804d0000-7f2c804d1000 rw-p 00005000 fc:00 6300519                    /usr/lib/x86_64-linux-gnu/libXxf86vm.so.1.0.0
7f2c804d1000-7f2c804d3000 r-xp 00000000 fc:00 277742                     /tmp/jogamp_0000/file_cache/jln4209018752026813061/jln352516837478501877/natives/linux-amd64/libnativewindow_awt.so
7f2c804d3000-7f2c806d2000 ---p 00002000 fc:00 277742                     /tmp/jogamp_0000/file_cache/jln4209018752026813061/jln352516837478501877/natives/linux-amd64/libnativewindow_awt.so
7f2c806d2000-7f2c806d3000 rw-p 00001000 fc:00 277742                     /tmp/jogamp_0000/file_cache/jln4209018752026813061/jln352516837478501877/natives/linux-amd64/libnativewindow_awt.so
7f2c806d3000-7f2c806d4000 r-xp 00000000 fc:00 9843130                    /usr/lib/jvm/java-8-oracle/jre/lib/amd64/libjawt.so
7f2c806d4000-7f2c808d3000 ---p 00001000 fc:00 9843130                    /usr/lib/jvm/java-8-oracle/jre/lib/amd64/libjawt.so
7f2c808d3000-7f2c808d4000 rw-p 00000000 fc:00 9843130                    /usr/lib/jvm/java-8-oracle/jre/lib/amd64/libjawt.so
7f2c808d4000-7f2c808d6000 r-xp 00000000 fc:00 277739                     /tmp/jogamp_0000/file_cache/jln4209018752026813061/jln352516837478501877/natives/linux-amd64/libgluegen-rt.so
7f2c808d6000-7f2c80ad5000 ---p 00002000 fc:00 277739                     /tmp/jogamp_0000/file_cache/jln4209018752026813061/jln352516837478501877/natives/linux-amd64/libgluegen-rt.so
7f2c80ad5000-7f2c80ad6000 rw-p 00001000 fc:00 277739                     /tmp/jogamp_0000/file_cache/jln4209018752026813061/jln352516837478501877/natives/linux-amd64/libgluegen-rt.so
7f2c80ad6000-7f2c80ad9000 ---p 00000000 00:00 0 
7f2c80ad9000-7f2c80bd7000 rw-p 00000000 00:00 0 
7f2c80bd7000-7f2c80be8000 r-xp 00000000 fc:00 9843147                    /usr/lib/jvm/java-8-oracle/jre/lib/amd64/libnio.so
7f2c80be8000-7f2c80de7000 ---p 00011000 fc:00 9843147                    /usr/lib/jvm/java-8-oracle/jre/lib/amd64/libnio.so
7f2c80de7000-7f2c80de8000 rw-p 00010000 fc:00 9843147                    /usr/lib/jvm/java-8-oracle/jre/lib/amd64/libnio.so
7f2c80de8000-7f2c83de9000 rw-p 00000000 00:00 0 
7f2c83de9000-7f2c83dff000 r-xp 00000000 fc:00 9843164                    /usr/lib/jvm/java-8-oracle/jre/lib/amd64/libnet.so
7f2c83dff000-7f2c83fff000 ---p 00016000 fc:00 9843164                    /usr/lib/jvm/java-8-oracle/jre/lib/amd64/libnet.so
7f2c83fff000-7f2c84000000 rw-p 00016000 fc:00 9843164                    /usr/lib/jvm/java-8-oracle/jre/lib/amd64/libnet.so
7f2c84000000-7f2c84026000 rw-p 00000000 00:00 0 
7f2c84026000-7f2c88000000 ---p 00000000 00:00 0 
7f2c88000000-7f2c88021000 rw-p 00000000 00:00 0 
7f2c88021000-7f2c8c000000 ---p 00000000 00:00 0 
7f2c8c000000-7f2c8c021000 rw-p 00000000 00:00 0 
7f2c8c021000-7f2c90000000 ---p 00000000 00:00 0 
7f2c90000000-7f2c90021000 rw-p 00000000 00:00 0 
7f2c90021000-7f2c94000000 ---p 00000000 00:00 0 
7f2c94000000-7f2c94010000 rw-s 00000000 00:05 124060061                  /drm mm object (deleted)
7f2c94010000-7f2c94020000 rw-s 00000000 00:05 124060060                  /drm mm object (deleted)
7f2c94020000-7f2c94030000 rw-s 00000000 00:05 124060059                  /drm mm object (deleted)
7f2c94030000-7f2c94040000 rw-s 00000000 00:05 124060058                  /drm mm object (deleted)
7f2c94040000-7f2c94050000 rw-s 00000000 00:05 124060057                  /drm mm object (deleted)
7f2c94050000-7f2c94250000 rw-p 00000000 00:00 0 
7f2c94250000-7f2c94253000 ---p 00000000 00:00 0 
7f2c94253000-7f2c94351000 rw-p 00000000 00:00 0 
7f2c94351000-7f2c9435a000 r-xp 00000000 fc:00 6294118                    /usr/lib/x86_64-linux-gnu/libXcursor.so.1.0.2
7f2c9435a000-7f2c94559000 ---p 00009000 fc:00 6294118                    /usr/lib/x86_64-linux-gnu/libXcursor.so.1.0.2
7f2c94559000-7f2c9455a000 r--p 00008000 fc:00 6294118                    /usr/lib/x86_64-linux-gnu/libXcursor.so.1.0.2
7f2c9455a000-7f2c9455b000 rw-p 00009000 fc:00 6294118                    /usr/lib/x86_64-linux-gnu/libXcursor.so.1.0.2
7f2c9455b000-7f2c9455e000 ---p 00000000 00:00 0 
7f2c9455e000-7f2c9465c000 rw-p 00000000 00:00 0 
7f2c9465c000-7f2c946c1000 r-xp 00000000 fc:00 9843144                    /usr/lib/jvm/java-8-oracle/jre/lib/amd64/libfontmanager.so
7f2c946c1000-7f2c948c0000 ---p 00065000 fc:00 9843144                    /usr/lib/jvm/java-8-oracle/jre/lib/amd64/libfontmanager.so
7f2c948c0000-7f2c948c5000 rw-p 00064000 fc:00 9843144                    /usr/lib/jvm/java-8-oracle/jre/lib/amd64/libfontmanager.so
7f2c948c5000-7f2c948d5000 rw-p 00000000 00:00 0 
7f2c948d5000-7f2c948e4000 r-xp 00000000 fc:00 6294104                    /usr/lib/x86_64-linux-gnu/libXi.so.6.1.0
7f2c948e4000-7f2c94ae3000 ---p 0000f000 fc:00 6294104                    /usr/lib/x86_64-linux-gnu/libXi.so.6.1.0
7f2c94ae3000-7f2c94ae4000 r--p 0000e000 fc:00 6294104                    /usr/lib/x86_64-linux-gnu/libXi.so.6.1.0
7f2c94ae4000-7f2c94ae5000 rw-p 0000f000 fc:00 6294104                    /usr/lib/x86_64-linux-gnu/libXi.so.6.1.0
7f2c94ae5000-7f2c94aea000 r-xp 00000000 fc:00 6299497                    /usr/lib/x86_64-linux-gnu/libXtst.so.6.1.0
7f2c94aea000-7f2c94ce9000 ---p 00005000 fc:00 6299497                    /usr/lib/x86_64-linux-gnu/libXtst.so.6.1.0
7f2c94ce9000-7f2c94cea000 r--p 00004000 fc:00 6299497                    /usr/lib/x86_64-linux-gnu/libXtst.so.6.1.0
7f2c94cea000-7f2c94ceb000 rw-p 00005000 fc:00 6299497                    /usr/lib/x86_64-linux-gnu/libXtst.so.6.1.0
7f2c94ceb000-7f2c94cf4000 r-xp 00000000 fc:00 6292554                    /usr/lib/x86_64-linux-gnu/libXrender.so.1.3.0
7f2c94cf4000-7f2c94ef3000 ---p 00009000 fc:00 6292554                    /usr/lib/x86_64-linux-gnu/libXrender.so.1.3.0
7f2c94ef3000-7f2c94ef4000 r--p 00008000 fc:00 6292554                    /usr/lib/x86_64-linux-gnu/libXrender.so.1.3.0
7f2c94ef4000-7f2c94ef5000 rw-p 00009000 fc:00 6292554                    /usr/lib/x86_64-linux-gnu/libXrender.so.1.3.0
7f2c94ef5000-7f2c94f49000 r-xp 00000000 fc:00 9843120                    /usr/lib/jvm/java-8-oracle/jre/lib/amd64/libawt_xawt.so
7f2c94f49000-7f2c95149000 ---p 00054000 fc:00 9843120                    /usr/lib/jvm/java-8-oracle/jre/lib/amd64/libawt_xawt.so
7f2c95149000-7f2c9514d000 rw-p 00054000 fc:00 9843120                    /usr/lib/jvm/java-8-oracle/jre/lib/amd64/libawt_xawt.so
7f2c9514d000-7f2c9514e000 rw-p 00000000 00:00 0 
7f2c9514e000-7f2c951f0000 r-xp 00000000 fc:00 9843159                    /usr/lib/jvm/java-8-oracle/jre/lib/amd64/libawt.so
7f2c951f0000-7f2c953f0000 ---p 000a2000 fc:00 9843159                    /usr/lib/jvm/java-8-oracle/jre/lib/amd64/libawt.so
7f2c953f0000-7f2c953fc000 rw-p 000a2000 fc:00 9843159                    /usr/lib/jvm/java-8-oracle/jre/lib/amd64/libawt.so
7f2c953fc000-7f2c95420000 rw-p 00000000 00:00 0 
7f2c95420000-7f2c95bac000 r-xp 00000000 fc:00 6296811                    /usr/lib/x86_64-linux-gnu/libnvidia-opencl.so.304.135
7f2c95bac000-7f2c95dac000 ---p 0078c000 fc:00 6296811                    /usr/lib/x86_64-linux-gnu/libnvidia-opencl.so.304.135
7f2c95dac000-7f2c95ea5000 rw-p 0078c000 fc:00 6296811                    /usr/lib/x86_64-linux-gnu/libnvidia-opencl.so.304.135
7f2c95ea5000-7f2c95eca000 rw-p 00000000 00:00 0 
7f2c95eca000-7f2c95edc000 r-xp 00000000 fc:00 6293683                    /usr/lib/x86_64-linux-gnu/beignet/libgbeinterp.so
7f2c95edc000-7f2c960dc000 ---p 00012000 fc:00 6293683                    /usr/lib/x86_64-linux-gnu/beignet/libgbeinterp.so
7f2c960dc000-7f2c960dd000 r--p 00012000 fc:00 6293683                    /usr/lib/x86_64-linux-gnu/beignet/libgbeinterp.so
7f2c960dd000-7f2c960de000 rw-p 00013000 fc:00 6293683                    /usr/lib/x86_64-linux-gnu/beignet/libgbeinterp.so
7f2c960de000-7f2c97dcf000 r-xp 00000000 fc:00 6292720                    /usr/lib/x86_64-linux-gnu/libLLVM-3.6.so.1
7f2c97dcf000-7f2c97dd0000 ---p 01cf1000 fc:00 6292720                    /usr/lib/x86_64-linux-gnu/libLLVM-3.6.so.1
7f2c97dd0000-7f2c97fe5000 r--p 01cf1000 fc:00 6292720                    /usr/lib/x86_64-linux-gnu/libLLVM-3.6.so.1
7f2c97fe5000-7f2c97feb000 rw-p 01f06000 fc:00 6292720                    /usr/lib/x86_64-linux-gnu/libLLVM-3.6.so.1
7f2c97feb000-7f2c98000000 rw-p 00000000 00:00 0 
7f2c98000000-7f2c98021000 rw-p 00000000 00:00 0 
7f2c98021000-7f2c9c000000 ---p 00000000 00:00 0 
7f2c9c000000-7f2c9c34c000 rw-p 00000000 00:00 0 
7f2c9c34c000-7f2ca0000000 ---p 00000000 00:00 0 
7f2ca0002000-7f2ca0006000 rw-s 00000000 00:05 124060084                  /drm mm object (deleted)
7f2ca0006000-7f2ca000b000 rw-s 00000000 00:05 124060083                  /drm mm object (deleted)
7f2ca000b000-7f2ca001b000 rw-s 00000000 00:05 124060052                  /drm mm object (deleted)
7f2ca001b000-7f2ca001f000 rw-s 00000000 00:05 124061999                  /drm mm object (deleted)
7f2ca001f000-7f2ca0023000 rw-s 00000000 00:05 124062002                  /drm mm object (deleted)
7f2ca0023000-7f2ca0028000 rw-s 00000000 00:05 124061979                  /drm mm object (deleted)
7f2ca0028000-7f2ca002d000 rw-s 00000000 00:05 124061968                  /drm mm object (deleted)
7f2ca002d000-7f2ca0031000 rw-s 00000000 00:05 124060051                  /drm mm object (deleted)
7f2ca0031000-7f2ca0035000 rw-s 00000000 00:05 124060048                  /drm mm object (deleted)
7f2ca0035000-7f2ca0048000 r-xp 00000000 fc:00 11010928                   /lib/x86_64-linux-gnu/libbsd.so.0.8.2
7f2ca0048000-7f2ca0247000 ---p 00013000 fc:00 11010928                   /lib/x86_64-linux-gnu/libbsd.so.0.8.2
7f2ca0247000-7f2ca0248000 r--p 00012000 fc:00 11010928                   /lib/x86_64-linux-gnu/libbsd.so.0.8.2
7f2ca0248000-7f2ca0249000 rw-p 00013000 fc:00 11010928                   /lib/x86_64-linux-gnu/libbsd.so.0.8.2
7f2ca0249000-7f2ca024a000 rw-p 00000000 00:00 0 
7f2ca024a000-7f2ca026f000 r-xp 00000000 fc:00 11010401                   /lib/x86_64-linux-gnu/libtinfo.so.5.9
7f2ca026f000-7f2ca046e000 ---p 00025000 fc:00 11010401                   /lib/x86_64-linux-gnu/libtinfo.so.5.9
7f2ca046e000-7f2ca0472000 r--p 00024000 fc:00 11010401                   /lib/x86_64-linux-gnu/libtinfo.so.5.9
7f2ca0472000-7f2ca0473000 rw-p 00028000 fc:00 11010401                   /lib/x86_64-linux-gnu/libtinfo.so.5.9
7f2ca0473000-7f2ca04a4000 r-xp 00000000 fc:00 6291684                    /usr/lib/x86_64-linux-gnu/libedit.so.2.0.53
7f2ca04a4000-7f2ca06a4000 ---p 00031000 fc:00 6291684                    /usr/lib/x86_64-linux-gnu/libedit.so.2.0.53
7f2ca06a4000-7f2ca06a6000 r--p 00031000 fc:00 6291684                    /usr/lib/x86_64-linux-gnu/libedit.so.2.0.53
7f2ca06a6000-7f2ca06a7000 rw-p 00033000 fc:00 6291684                    /usr/lib/x86_64-linux-gnu/libedit.so.2.0.53
7f2ca06a7000-7f2ca06ab000 rw-p 00000000 00:00 0 
7f2ca06ab000-7f2ca06b2000 r-xp 00000000 fc:00 6292078                    /usr/lib/x86_64-linux-gnu/libffi.so.6.0.4
7f2ca06b2000-7f2ca08b1000 ---p 00007000 fc:00 6292078                    /usr/lib/x86_64-linux-gnu/libffi.so.6.0.4
7f2ca08b1000-7f2ca08b2000 r--p 00006000 fc:00 6292078                    /usr/lib/x86_64-linux-gnu/libffi.so.6.0.4
7f2ca08b2000-7f2ca08b3000 rw-p 00007000 fc:00 6292078                    /usr/lib/x86_64-linux-gnu/libffi.so.6.0.4
7f2ca08b3000-7f2ca1952000 r-xp 00000000 fc:00 6292733                    /usr/lib/x86_64-linux-gnu/beignet/libgbe.so
7f2ca1952000-7f2ca1b51000 ---p 0109f000 fc:00 6292733                    /usr/lib/x86_64-linux-gnu/beignet/libgbe.so
7f2ca1b51000-7f2ca1bdd000 r--p 0109e000 fc:00 6292733                    /usr/lib/x86_64-linux-gnu/beignet/libgbe.so
7f2ca1bdd000-7f2ca1be5000 rw-p 0112a000 fc:00 6292733                    /usr/lib/x86_64-linux-gnu/beignet/libgbe.so
7f2ca1be5000-7f2ca1be7000 rw-p 00000000 00:00 0 
7f2ca1be7000-7f2ca1c00000 r-xp 00000000 fc:00 11010424                   /lib/x86_64-linux-gnu/libz.so.1.2.8
7f2ca1c00000-7f2ca1dff000 ---p 00019000 fc:00 11010424                   /lib/x86_64-linux-gnu/libz.so.1.2.8
7f2ca1dff000-7f2ca1e00000 r--p 00018000 fc:00 11010424                   /lib/x86_64-linux-gnu/libz.so.1.2.8
7f2ca1e00000-7f2ca1e01000 rw-p 00019000 fc:00 11010424                   /lib/x86_64-linux-gnu/libz.so.1.2.8
7f2ca1e01000-7f2ca1e06000 r-xp 00000000 fc:00 6297930                    /usr/lib/x86_64-linux-gnu/libXdmcp.so.6.0.0
7f2ca1e06000-7f2ca2005000 ---p 00005000 fc:00 6297930                    /usr/lib/x86_64-linux-gnu/libXdmcp.so.6.0.0
7f2ca2005000-7f2ca2006000 r--p 00004000 fc:00 6297930                    /usr/lib/x86_64-linux-gnu/libXdmcp.so.6.0.0
7f2ca2006000-7f2ca2007000 rw-p 00005000 fc:00 6297930                    /usr/lib/x86_64-linux-gnu/libXdmcp.so.6.0.0
7f2ca2007000-7f2ca2009000 r-xp 00000000 fc:00 6299456                    /usr/lib/x86_64-linux-gnu/libXau.so.6.0.0
7f2ca2009000-7f2ca2209000 ---p 00002000 fc:00 6299456                    /usr/lib/x86_64-linux-gnu/libXau.so.6.0.0
7f2ca2209000-7f2ca220a000 r--p 00002000 fc:00 6299456                    /usr/lib/x86_64-linux-gnu/libXau.so.6.0.0
7f2ca220a000-7f2ca220b000 rw-p 00003000 fc:00 6299456                    /usr/lib/x86_64-linux-gnu/libXau.so.6.0.0
7f2ca220b000-7f2ca2213000 r-xp 00000000 fc:00 6293421                    /usr/lib/x86_64-linux-gnu/libpciaccess.so.0.11.1
7f2ca2213000-7f2ca2413000 ---p 00008000 fc:00 6293421                    /usr/lib/x86_64-linux-gnu/libpciaccess.so.0.11.1
7f2ca2413000-7f2ca2414000 r--p 00008000 fc:00 6293421                    /usr/lib/x86_64-linux-gnu/libpciaccess.so.0.11.1
7f2ca2414000-7f2ca2415000 rw-p 00009000 fc:00 6293421                    /usr/lib/x86_64-linux-gnu/libpciaccess.so.0.11.1
7f2ca2415000-7f2ca2436000 r-xp 00000000 fc:00 6297960                    /usr/lib/x86_64-linux-gnu/libxcb.so.1.1.0
7f2ca2436000-7f2ca2635000 ---p 00021000 fc:00 6297960                    /usr/lib/x86_64-linux-gnu/libxcb.so.1.1.0
7f2ca2635000-7f2ca2636000 r--p 00020000 fc:00 6297960                    /usr/lib/x86_64-linux-gnu/libxcb.so.1.1.0
7f2ca2636000-7f2ca2637000 rw-p 00021000 fc:00 6297960                    /usr/lib/x86_64-linux-gnu/libxcb.so.1.1.0
7f2ca2637000-7f2ca2647000 r-xp 00000000 fc:00 6291968                    /usr/lib/x86_64-linux-gnu/libdrm.so.2.4.0
7f2ca2647000-7f2ca2847000 ---p 00010000 fc:00 6291968                    /usr/lib/x86_64-linux-gnu/libdrm.so.2.4.0
7f2ca2847000-7f2ca2848000 r--p 00010000 fc:00 6291968                    /usr/lib/x86_64-linux-gnu/libdrm.so.2.4.0
7f2ca2848000-7f2ca2849000 rw-p 00011000 fc:00 6291968                    /usr/lib/x86_64-linux-gnu/libdrm.so.2.4.0
7f2ca2849000-7f2ca286b000 r-xp 00000000 fc:00 6291990                    /usr/lib/x86_64-linux-gnu/libdrm_intel.so.1.0.0
7f2ca286b000-7f2ca2a6b000 ---p 00022000 fc:00 6291990                    /usr/lib/x86_64-linux-gnu/libdrm_intel.so.1.0.0
7f2ca2a6b000-7f2ca2a6c000 r--p 00022000 fc:00 6291990                    /usr/lib/x86_64-linux-gnu/libdrm_intel.so.1.0.0
7f2ca2a6c000-7f2ca2a6d000 rw-p 00023000 fc:00 6291990                    /usr/lib/x86_64-linux-gnu/libdrm_intel.so.1.0.0
7f2ca2a6d000-7f2ca2a72000 r-xp 00000000 fc:00 6295902                    /usr/lib/x86_64-linux-gnu/libXfixes.so.3.1.0
7f2ca2a72000-7f2ca2c71000 ---p 00005000 fc:00 6295902                    /usr/lib/x86_64-linux-gnu/libXfixes.so.3.1.0
7f2ca2c71000-7f2ca2c72000 r--p 00004000 fc:00 6295902                    /usr/lib/x86_64-linux-gnu/libXfixes.so.3.1.0
7f2ca2c72000-7f2ca2c73000 rw-p 00005000 fc:00 6295902                    /usr/lib/x86_64-linux-gnu/libXfixes.so.3.1.0
7f2ca2c73000-7f2ca2c84000 r-xp 00000000 fc:00 6298005                    /usr/lib/x86_64-linux-gnu/libXext.so.6.4.0
7f2ca2c84000-7f2ca2e83000 ---p 00011000 fc:00 6298005                    /usr/lib/x86_64-linux-gnu/libXext.so.6.4.0
7f2ca2e83000-7f2ca2e84000 r--p 00010000 fc:00 6298005                    /usr/lib/x86_64-linux-gnu/libXext.so.6.4.0
7f2ca2e84000-7f2ca2e85000 rw-p 00011000 fc:00 6298005                    /usr/lib/x86_64-linux-gnu/libXext.so.6.4.0
7f2ca2e85000-7f2ca2fba000 r-xp 00000000 fc:00 6297975                    /usr/lib/x86_64-linux-gnu/libX11.so.6.3.0
7f2ca2fba000-7f2ca31ba000 ---p 00135000 fc:00 6297975                    /usr/lib/x86_64-linux-gnu/libX11.so.6.3.0
7f2ca31ba000-7f2ca31bb000 r--p 00135000 fc:00 6297975                    /usr/lib/x86_64-linux-gnu/libX11.so.6.3.0
7f2ca31bb000-7f2ca31bf000 rw-p 00136000 fc:00 6297975                    /usr/lib/x86_64-linux-gnu/libX11.so.6.3.0
7f2ca31bf000-7f2ca31fb000 r-xp 00000000 fc:00 6293531                    /usr/lib/x86_64-linux-gnu/beignet/libcl.so
7f2ca31fb000-7f2ca33fb000 ---p 0003c000 fc:00 6293531                    /usr/lib/x86_64-linux-gnu/beignet/libcl.so
7f2ca33fb000-7f2ca33fc000 r--p 0003c000 fc:00 6293531                    /usr/lib/x86_64-linux-gnu/beignet/libcl.so
7f2ca33fc000-7f2ca341c000 rw-p 0003d000 fc:00 6293531                    /usr/lib/x86_64-linux-gnu/beignet/libcl.so
7f2ca341c000-7f2ca341d000 rw-p 00000000 00:00 0 
7f2ca341d000-7f2ca3433000 r-xp 00000000 fc:00 11010888                   /lib/x86_64-linux-gnu/libgcc_s.so.1
7f2ca3433000-7f2ca3632000 ---p 00016000 fc:00 11010888                   /lib/x86_64-linux-gnu/libgcc_s.so.1
7f2ca3632000-7f2ca3633000 rw-p 00015000 fc:00 11010888                   /lib/x86_64-linux-gnu/libgcc_s.so.1
7f2ca3633000-7f2ca37a5000 r-xp 00000000 fc:00 6293170                    /usr/lib/x86_64-linux-gnu/libstdc++.so.6.0.21
7f2ca37a5000-7f2ca39a5000 ---p 00172000 fc:00 6293170                    /usr/lib/x86_64-linux-gnu/libstdc++.so.6.0.21
7f2ca39a5000-7f2ca39af000 r--p 00172000 fc:00 6293170                    /usr/lib/x86_64-linux-gnu/libstdc++.so.6.0.21
7f2ca39af000-7f2ca39b1000 rw-p 0017c000 fc:00 6293170                    /usr/lib/x86_64-linux-gnu/libstdc++.so.6.0.21
7f2ca39b1000-7f2ca39b5000 rw-p 00000000 00:00 0 
7f2ca39b5000-7f2ca39be000 r-xp 00000000 fc:00 6292375                    /usr/lib/x86_64-linux-gnu/libOpenCL.so.1.0.0
7f2ca39be000-7f2ca3bbe000 ---p 00009000 fc:00 6292375                    /usr/lib/x86_64-linux-gnu/libOpenCL.so.1.0.0
7f2ca3bbe000-7f2ca3bbf000 r--p 00009000 fc:00 6292375                    /usr/lib/x86_64-linux-gnu/libOpenCL.so.1.0.0
7f2ca3bbf000-7f2ca3bc0000 rw-p 0000a000 fc:00 6292375                    /usr/lib/x86_64-linux-gnu/libOpenCL.so.1.0.0
7f2ca3bc0000-7f2ca3bfd000 r-xp 00000000 fc:00 277735                     /tmp/libaparapi_x86_648353103067218827091.so
7f2ca3bfd000-7f2ca3dfc000 ---p 0003d000 fc:00 277735                     /tmp/libaparapi_x86_648353103067218827091.so
7f2ca3dfc000-7f2ca3dfd000 r--p 0003c000 fc:00 277735                     /tmp/libaparapi_x86_648353103067218827091.so
7f2ca3dfd000-7f2ca3dfe000 rw-p 0003d000 fc:00 277735                     /tmp/libaparapi_x86_648353103067218827091.so
7f2ca3dfe000-7f2ca3dff000 ---p 00000000 00:00 0 
7f2ca3dff000-7f2ca3eff000 rw-p 00000000 00:00 0 
7f2ca3eff000-7f2ca3f02000 ---p 00000000 00:00 0 
7f2ca3f02000-7f2ca4000000 rw-p 00000000 00:00 0 
7f2ca4000000-7f2ca433d000 rw-p 00000000 00:00 0 
7f2ca433d000-7f2ca8000000 ---p 00000000 00:00 0 
7f2ca8000000-7f2ca8212000 rw-p 00000000 00:00 0 
7f2ca8212000-7f2cac000000 ---p 00000000 00:00 0 
7f2cac000000-7f2cac021000 rw-p 00000000 00:00 0 
7f2cac021000-7f2cb0000000 ---p 00000000 00:00 0 
7f2cb0000000-7f2cb0329000 rw-p 00000000 00:00 0 
7f2cb0329000-7f2cb4000000 ---p 00000000 00:00 0 
7f2cb4000000-7f2cb4021000 rw-p 00000000 00:00 0 
7f2cb4021000-7f2cb8000000 ---p 00000000 00:00 0 
7f2cb8000000-7f2cb8021000 rw-p 00000000 00:00 0 
7f2cb8021000-7f2cbc000000 ---p 00000000 00:00 0 
7f2cbc000000-7f2cbc021000 rw-p 00000000 00:00 0 
7f2cbc021000-7f2cc0000000 ---p 00000000 00:00 0 
7f2cc0000000-7f2cc0005000 rw-s 00000000 00:05 124060047                  /drm mm object (deleted)
7f2cc0005000-7f2cc000a000 rw-s 00000000 00:05 124061891                  /drm mm object (deleted)
7f2cc000c000-7f2cc0011000 rw-s 00000000 00:05 124061954                  /drm mm object (deleted)
7f2cc0011000-7f2cc0012000 rwxp 00000000 00:00 0 
7f2cc0012000-7f2cc0015000 ---p 00000000 00:00 0 
7f2cc0015000-7f2cc004b000 rw-p 00000000 00:00 0 
7f2cc004b000-7f2cc004e000 ---p 00000000 00:00 0 
7f2cc004e000-7f2cc014c000 rw-p 00000000 00:00 0 
7f2cc014c000-7f2cc014f000 ---p 00000000 00:00 0 
7f2cc014f000-7f2cc024d000 rw-p 00000000 00:00 0 
7f2cc024d000-7f2cc0250000 ---p 00000000 00:00 0 
7f2cc0250000-7f2cc034e000 rw-p 00000000 00:00 0 
7f2cc034e000-7f2cc0351000 ---p 00000000 00:00 0 
7f2cc0351000-7f2cc044f000 rw-p 00000000 00:00 0 
7f2cc044f000-7f2cc0452000 ---p 00000000 00:00 0 
7f2cc0452000-7f2cd0000000 rw-p 00000000 00:00 0 
7f2cd0000000-7f2cd0021000 rw-p 00000000 00:00 0 
7f2cd0021000-7f2cd4000000 ---p 00000000 00:00 0 
7f2cd4000000-7f2cd4021000 rw-p 00000000 00:00 0 
7f2cd4021000-7f2cd8000000 ---p 00000000 00:00 0 
7f2cd8000000-7f2cd8021000 rw-p 00000000 00:00 0 
7f2cd8021000-7f2cdc000000 ---p 00000000 00:00 0 
7f2cdc000000-7f2cdc021000 rw-p 00000000 00:00 0 
7f2cdc021000-7f2ce0000000 ---p 00000000 00:00 0 
7f2ce0000000-7f2ce0021000 rw-p 00000000 00:00 0 
7f2ce0021000-7f2ce4000000 ---p 00000000 00:00 0 
7f2ce4000000-7f2ce4021000 rw-p 00000000 00:00 0 
7f2ce4021000-7f2ce8000000 ---p 00000000 00:00 0 
7f2ce8000000-7f2ce8021000 rw-p 00000000 00:00 0 
7f2ce8021000-7f2cec000000 ---p 00000000 00:00 0 
7f2cec000000-7f2cec021000 rw-p 00000000 00:00 0 
7f2cec021000-7f2cf0000000 ---p 00000000 00:00 0 
7f2cf0000000-7f2cf0005000 rw-s 00000000 00:05 124061883                  /drm mm object (deleted)
7f2cf0005000-7f2cf0006000 r--p 00000000 00:00 0 
7f2cf0006000-7f2cf0010000 r--s 000ca000 fc:00 6129304                    /home/zishanfu/.m2/repository/org/jogamp/gluegen/gluegen/2.3.2/gluegen-2.3.2.jar
7f2cf0010000-7f2cf0012000 r--s 00032000 fc:00 6127448                    /home/zishanfu/.m2/repository/org/jogamp/jogl/jogl-all/2.3.2/jogl-all-2.3.2-natives-windows-i586.jar
7f2cf0012000-7f2cf0013000 r--s 0003a000 fc:00 6127446                    /home/zishanfu/.m2/repository/org/jogamp/jogl/jogl-all/2.3.2/jogl-all-2.3.2-natives-windows-amd64.jar
7f2cf0013000-7f2cf0014000 r--s 00027000 fc:00 6129280                    /home/zishanfu/.m2/repository/org/jogamp/jogl/jogl-all/2.3.2/jogl-all-2.3.2-natives-solaris-i586.jar
7f2cf0014000-7f2cf0015000 r--s 00035000 fc:00 6129275                    /home/zishanfu/.m2/repository/org/jogamp/jogl/jogl-all/2.3.2/jogl-all-2.3.2-natives-solaris-amd64.jar
7f2cf0015000-7f2cf0016000 r--s 0006c000 fc:00 6127443                    /home/zishanfu/.m2/repository/org/jogamp/jogl/jogl-all/2.3.2/jogl-all-2.3.2-natives-macosx-universal.jar
7f2cf0016000-7f2cf0018000 r--s 00034000 fc:00 6127441                    /home/zishanfu/.m2/repository/org/jogamp/jogl/jogl-all/2.3.2/jogl-all-2.3.2-natives-linux-i586.jar
7f2cf0018000-7f2cf0019000 r--s 00028000 fc:00 6129268                    /home/zishanfu/.m2/repository/org/jogamp/jogl/jogl-all/2.3.2/jogl-all-2.3.2-natives-linux-armv6hf.jar
7f2cf0019000-7f2cf001a000 r--s 00027000 fc:00 6129272                    /home/zishanfu/.m2/repository/org/jogamp/jogl/jogl-all/2.3.2/jogl-all-2.3.2-natives-linux-armv6.jar
7f2cf001a000-7f2cf001b000 r--s 00036000 fc:00 6127440                    /home/zishanfu/.m2/repository/org/jogamp/jogl/jogl-all/2.3.2/jogl-all-2.3.2-natives-linux-amd64.jar
7f2cf001b000-7f2cf001c000 r--s 0000f000 fc:00 6129269                    /home/zishanfu/.m2/repository/org/jogamp/jogl/jogl-all/2.3.2/jogl-all-2.3.2-natives-android-armv6.jar
7f2cf001c000-7f2cf001d000 r--s 0000f000 fc:00 6129273                    /home/zishanfu/.m2/repository/org/jogamp/jogl/jogl-all/2.3.2/jogl-all-2.3.2-natives-android-aarch64.jar
7f2cf001d000-7f2cf0027000 r--s 00116000 fc:00 9843175                    /usr/lib/jvm/java-8-oracle/jre/lib/ext/localedata.jar
7f2cf0027000-7f2cf0043000 r--s 00393000 fc:00 9843169                    /usr/lib/jvm/java-8-oracle/jre/lib/ext/cldrdata.jar
7f2cf0043000-7f2cf0044000 rw-s 00000000 00:05 124059343                  /drm mm object (deleted)
7f2cf0044000-7f2cf0045000 rw-s 00000000 00:05 124059345                  /drm mm object (deleted)
7f2cf0045000-7f2cf004f000 rw-s 00000000 00:05 124059344                  /drm mm object (deleted)
7f2cf004f000-7f2cf0053000 r--s 00097000 fc:00 9843181                    /usr/lib/jvm/java-8-oracle/jre/lib/jsse.jar
7f2cf0053000-7f2cf0077000 r--s 0031e000 fc:00 6126955                    /home/zishanfu/.m2/repository/org/jogamp/jogl/jogl-all/2.3.2/jogl-all-2.3.2.jar
7f2cf0077000-7f2cf0078000 r--s 00000000 fc:00 6129265                    /home/zishanfu/.m2/repository/org/jogamp/jogl/jogl-all-main/2.3.2/jogl-all-main-2.3.2.jar
7f2cf0078000-7f2cf0079000 r--s 00001000 fc:00 6127439                    /home/zishanfu/.m2/repository/org/jogamp/gluegen/gluegen-rt/2.3.2/gluegen-rt-2.3.2-natives-windows-i586.jar
7f2cf0079000-7f2cf007a000 r--s 00001000 fc:00 6127435                    /home/zishanfu/.m2/repository/org/jogamp/gluegen/gluegen-rt/2.3.2/gluegen-rt-2.3.2-natives-windows-amd64.jar
7f2cf007a000-7f2cf007b000 r--s 00000000 fc:00 6129300                    /home/zishanfu/.m2/repository/org/jogamp/gluegen/gluegen-rt/2.3.2/gluegen-rt-2.3.2-natives-solaris-i586.jar
7f2cf007b000-7f2cf007c000 r--s 00001000 fc:00 6129286                    /home/zishanfu/.m2/repository/org/jogamp/gluegen/gluegen-rt/2.3.2/gluegen-rt-2.3.2-natives-solaris-amd64.jar
7f2cf007c000-7f2cf007d000 r--s 00001000 fc:00 6127434                    /home/zishanfu/.m2/repository/org/jogamp/gluegen/gluegen-rt/2.3.2/gluegen-rt-2.3.2-natives-macosx-universal.jar
7f2cf007d000-7f2cf007f000 r--s 00000000 fc:00 6127339                    /home/zishanfu/.m2/repository/org/jogamp/gluegen/gluegen-rt/2.3.2/gluegen-rt-2.3.2-natives-linux-i586.jar
7f2cf007f000-7f2cf0080000 r--s 00000000 fc:00 6129293                    /home/zishanfu/.m2/repository/org/jogamp/gluegen/gluegen-rt/2.3.2/gluegen-rt-2.3.2-natives-linux-armv6hf.jar
7f2cf0080000-7f2cf0081000 r--s 00000000 fc:00 6129292                    /home/zishanfu/.m2/repository/org/jogamp/gluegen/gluegen-rt/2.3.2/gluegen-rt-2.3.2-natives-linux-armv6.jar
7f2cf0081000-7f2cf0083000 r--s 00000000 fc:00 6127421                    /home/zishanfu/.m2/repository/org/jogamp/gluegen/gluegen-rt/2.3.2/gluegen-rt-2.3.2-natives-linux-amd64.jar
7f2cf0083000-7f2cf0084000 r--s 00001000 fc:00 6129289                    /home/zishanfu/.m2/repository/org/jogamp/gluegen/gluegen-rt/2.3.2/gluegen-rt-2.3.2-natives-android-armv6.jar
7f2cf0084000-7f2cf0085000 r--s 00000000 fc:00 6129287                    /home/zishanfu/.m2/repository/org/jogamp/gluegen/gluegen-rt/2.3.2/gluegen-rt-2.3.2-natives-android-aarch64.jar
7f2cf0085000-7f2cf008b000 r--s 0004f000 fc:00 6127397                    /home/zishanfu/.m2/repository/org/jogamp/gluegen/gluegen-rt/2.3.2/gluegen-rt-2.3.2.jar
7f2cf008b000-7f2cf008c000 r--s 00000000 fc:00 6129285                    /home/zishanfu/.m2/repository/org/jogamp/gluegen/gluegen-rt-main/2.3.2/gluegen-rt-main-2.3.2.jar
7f2cf008c000-7f2cf008f000 r--s 00019000 fc:00 6231313                    /home/zishanfu/.m2/repository/org/jogamp/glg2d/glg2d/0.3-SNAPSHOT/glg2d-0.3-SNAPSHOT.jar
7f2cf008f000-7f2cf0090000 r--s 00167000 fc:00 6219053                    /home/zishanfu/.m2/repository/com/aparapi/aparapi-jni/1.1.2/aparapi-jni-1.1.2.jar
7f2cf0090000-7f2cf00a0000 r--s 0008f000 fc:00 6219050                    /home/zishanfu/.m2/repository/com/aparapi/aparapi/1.8.0/aparapi-1.8.0.jar
7f2cf00a0000-7f2cf00a3000 r--s 00018000 fc:00 6233093                    /home/zishanfu/.m2/repository/org/jxmapviewer/jxmapviewer2/2.4/jxmapviewer2-2.4.jar
7f2cf00a3000-7f2cf00a5000 r--s 0000d000 fc:00 6125399                    /home/zishanfu/.m2/repository/commons-logging/commons-logging/1.1.1/commons-logging-1.1.1.jar
7f2cf00a5000-7f2cf00a6000 r--s 00002000 fc:00 6232795                    /home/zishanfu/.m2/repository/org/slf4j/slf4j-simple/1.7.5/slf4j-simple-1.7.5.jar
7f2cf00a6000-7f2cf00af000 r--s 0006f000 fc:00 6134424                    /home/zishanfu/.m2/repository/log4j/log4j/1.2.17/log4j-1.2.17.jar
7f2cf00af000-7f2cf00b1000 r--s 00001000 fc:00 6236255                    /home/zishanfu/.m2/repository/org/slf4j/slf4j-log4j12/1.7.7/slf4j-log4j12-1.7.7.jar
7f2cf00b1000-7f2cf00b5000 r--s 00029000 fc:00 6130088                    /home/zishanfu/.m2/repository/org/openstreetmap/osmosis/osmosis-osm-binary/0.44.1/osmosis-osm-binary-0.44.1.jar
7f2cf00b5000-7f2cf00bd000 r--s 0008a000 fc:00 6229697                    /home/zishanfu/.m2/repository/com/google/protobuf/protobuf-java/2.6.1/protobuf-java-2.6.1.jar
7f2cf00bd000-7f2cf00e5000 r--s 00241000 fc:00 6129966                    /home/zishanfu/.m2/repository/net/sf/trove4j/trove4j/3.0.3/trove4j-3.0.3.jar
7f2cf00e5000-7f2cf03bd000 r--p 00000000 fc:00 6294741                    /usr/lib/locale/locale-archive
7f2cf03bd000-7f2cf03c0000 ---p 00000000 00:00 0 
7f2cf03c0000-7f2cf04be000 rw-p 00000000 00:00 0 
7f2cf04be000-7f2cf04c1000 ---p 00000000 00:00 0 
7f2cf04c1000-7f2cf05bf000 rw-p 00000000 00:00 0 
7f2cf05bf000-7f2cf05c0000 ---p 00000000 00:00 0 
7f2cf05c0000-7f2cf2332000 rw-p 00000000 00:00 0 
7f2cf2332000-7f2cf250a000 r--s 03d2a000 fc:00 9841598                    /usr/lib/jvm/java-8-oracle/jre/lib/rt.jar
7f2cf250a000-7f2cf3d86000 rw-p 00000000 00:00 0 
7f2cf3d86000-7f2cf3d87000 ---p 00000000 00:00 0 
7f2cf3d87000-7f2cf3e87000 rw-p 00000000 00:00 0 
7f2cf3e87000-7f2cf3e88000 ---p 00000000 00:00 0 
7f2cf3e88000-7f2cf3f88000 rw-p 00000000 00:00 0 
7f2cf3f88000-7f2cf3f89000 ---p 00000000 00:00 0 
7f2cf3f89000-7f2cf4089000 rw-p 00000000 00:00 0 
7f2cf4089000-7f2cf408a000 ---p 00000000 00:00 0 
7f2cf408a000-7f2cf418a000 rw-p 00000000 00:00 0 
7f2cf418a000-7f2cf418b000 ---p 00000000 00:00 0 
7f2cf418b000-7f2cf428b000 rw-p 00000000 00:00 0 
7f2cf428b000-7f2cf428c000 ---p 00000000 00:00 0 
7f2cf428c000-7f2cf438c000 rw-p 00000000 00:00 0 
7f2cf438c000-7f2cf438d000 ---p 00000000 00:00 0 
7f2cf438d000-7f2cf448d000 rw-p 00000000 00:00 0 
7f2cf448d000-7f2cf448e000 ---p 00000000 00:00 0 
7f2cf448e000-7f2cf4636000 rw-p 00000000 00:00 0 
7f2cf4636000-7f2cf5000000 ---p 00000000 00:00 0 
7f2cf5000000-7f2cf5440000 rwxp 00000000 00:00 0 
7f2cf5440000-7f2d04000000 ---p 00000000 00:00 0 
7f2d04000000-7f2d04989000 rw-p 00000000 00:00 0 
7f2d04989000-7f2d08000000 ---p 00000000 00:00 0 
7f2d08000000-7f2d08002000 r--s 00007000 fc:00 6236253                    /home/zishanfu/.m2/repository/com/graphhopper/map-matching/0.4.1/map-matching-0.4.1.jar
7f2d08002000-7f2d08005000 r--s 00012000 fc:00 6126734                    /home/zishanfu/.m2/repository/commons-io/commons-io/1.3.1/commons-io-1.3.1.jar
7f2d08005000-7f2d08011000 r--s 00092000 fc:00 6130046                    /home/zishanfu/.m2/repository/org/apache/xmlgraphics/xmlgraphics-commons/2.1/xmlgraphics-commons-2.1.jar
7f2d08011000-7f2d08013000 r--s 00009000 fc:00 6130041                    /home/zishanfu/.m2/repository/org/slf4j/slf4j-api/1.7.21/slf4j-api-1.7.21.jar
7f2d08013000-7f2d08015000 r--s 00000000 fc:00 6129955                    /home/zishanfu/.m2/repository/com/graphhopper/graphhopper-tools-lgpl/0.7.0/graphhopper-tools-lgpl-0.7.0.jar
7f2d08015000-7f2d080bd000 rw-p 00000000 00:00 0 
7f2d080bd000-7f2d08a87000 ---p 00000000 00:00 0 
7f2d08a87000-7f2d08adb000 rw-p 00000000 00:00 0 
7f2d08adb000-7f2d08fc0000 ---p 00000000 00:00 0 
7f2d08fc0000-7f2d08fd2000 rw-p 00000000 00:00 0 
7f2d08fd2000-7f2d09381000 ---p 00000000 00:00 0 
7f2d09381000-7f2d0939b000 r-xp 00000000 fc:00 9843101                    /usr/lib/jvm/java-8-oracle/jre/lib/amd64/libzip.so
7f2d0939b000-7f2d0959b000 ---p 0001a000 fc:00 9843101                    /usr/lib/jvm/java-8-oracle/jre/lib/amd64/libzip.so
7f2d0959b000-7f2d0959c000 rw-p 0001a000 fc:00 9843101                    /usr/lib/jvm/java-8-oracle/jre/lib/amd64/libzip.so
7f2d0959c000-7f2d095a7000 r-xp 00000000 fc:00 11024061                   /lib/x86_64-linux-gnu/libnss_files-2.23.so
7f2d095a7000-7f2d097a6000 ---p 0000b000 fc:00 11024061                   /lib/x86_64-linux-gnu/libnss_files-2.23.so
7f2d097a6000-7f2d097a7000 r--p 0000a000 fc:00 11024061                   /lib/x86_64-linux-gnu/libnss_files-2.23.so
7f2d097a7000-7f2d097a8000 rw-p 0000b000 fc:00 11024061                   /lib/x86_64-linux-gnu/libnss_files-2.23.so
7f2d097a8000-7f2d097ae000 rw-p 00000000 00:00 0 
7f2d097ae000-7f2d097b9000 r-xp 00000000 fc:00 11024065                   /lib/x86_64-linux-gnu/libnss_nis-2.23.so
7f2d097b9000-7f2d099b8000 ---p 0000b000 fc:00 11024065                   /lib/x86_64-linux-gnu/libnss_nis-2.23.so
7f2d099b8000-7f2d099b9000 r--p 0000a000 fc:00 11024065                   /lib/x86_64-linux-gnu/libnss_nis-2.23.so
7f2d099b9000-7f2d099ba000 rw-p 0000b000 fc:00 11024065                   /lib/x86_64-linux-gnu/libnss_nis-2.23.so
7f2d099ba000-7f2d099d0000 r-xp 00000000 fc:00 11024045                   /lib/x86_64-linux-gnu/libnsl-2.23.so
7f2d099d0000-7f2d09bcf000 ---p 00016000 fc:00 11024045                   /lib/x86_64-linux-gnu/libnsl-2.23.so
7f2d09bcf000-7f2d09bd0000 r--p 00015000 fc:00 11024045                   /lib/x86_64-linux-gnu/libnsl-2.23.so
7f2d09bd0000-7f2d09bd1000 rw-p 00016000 fc:00 11024045                   /lib/x86_64-linux-gnu/libnsl-2.23.so
7f2d09bd1000-7f2d09bd3000 rw-p 00000000 00:00 0 
7f2d09bd3000-7f2d09bdb000 r-xp 00000000 fc:00 11024056                   /lib/x86_64-linux-gnu/libnss_compat-2.23.so
7f2d09bdb000-7f2d09dda000 ---p 00008000 fc:00 11024056                   /lib/x86_64-linux-gnu/libnss_compat-2.23.so
7f2d09dda000-7f2d09ddb000 r--p 00007000 fc:00 11024056                   /lib/x86_64-linux-gnu/libnss_compat-2.23.so
7f2d09ddb000-7f2d09ddc000 rw-p 00008000 fc:00 11024056                   /lib/x86_64-linux-gnu/libnss_compat-2.23.so
7f2d09ddc000-7f2d09e07000 r-xp 00000000 fc:00 9843124                    /usr/lib/jvm/java-8-oracle/jre/lib/amd64/libjava.so
7f2d09e07000-7f2d0a006000 ---p 0002b000 fc:00 9843124                    /usr/lib/jvm/java-8-oracle/jre/lib/amd64/libjava.so
7f2d0a006000-7f2d0a008000 rw-p 0002a000 fc:00 9843124                    /usr/lib/jvm/java-8-oracle/jre/lib/amd64/libjava.so
7f2d0a008000-7f2d0a015000 r-xp 00000000 fc:00 9843162                    /usr/lib/jvm/java-8-oracle/jre/lib/amd64/libverify.so
7f2d0a015000-7f2d0a214000 ---p 0000d000 fc:00 9843162                    /usr/lib/jvm/java-8-oracle/jre/lib/amd64/libverify.so
7f2d0a214000-7f2d0a216000 rw-p 0000c000 fc:00 9843162                    /usr/lib/jvm/java-8-oracle/jre/lib/amd64/libverify.so
7f2d0a216000-7f2d0a21d000 r-xp 00000000 fc:00 11024066                   /lib/x86_64-linux-gnu/librt-2.23.so
7f2d0a21d000-7f2d0a41c000 ---p 00007000 fc:00 11024066                   /lib/x86_64-linux-gnu/librt-2.23.so
7f2d0a41c000-7f2d0a41d000 r--p 00006000 fc:00 11024066                   /lib/x86_64-linux-gnu/librt-2.23.so
7f2d0a41d000-7f2d0a41e000 rw-p 00007000 fc:00 11024066                   /lib/x86_64-linux-gnu/librt-2.23.so
7f2d0a41e000-7f2d0a526000 r-xp 00000000 fc:00 11024044                   /lib/x86_64-linux-gnu/libm-2.23.so
7f2d0a526000-7f2d0a725000 ---p 00108000 fc:00 11024044                   /lib/x86_64-linux-gnu/libm-2.23.so
7f2d0a725000-7f2d0a726000 r--p 00107000 fc:00 11024044                   /lib/x86_64-linux-gnu/libm-2.23.so
7f2d0a726000-7f2d0a727000 rw-p 00108000 fc:00 11024044                   /lib/x86_64-linux-gnu/libm-2.23.so
7f2d0a727000-7f2d0b3f4000 r-xp 00000000 fc:00 9843158                    /usr/lib/jvm/java-8-oracle/jre/lib/amd64/server/libjvm.so
7f2d0b3f4000-7f2d0b5f3000 ---p 00ccd000 fc:00 9843158                    /usr/lib/jvm/java-8-oracle/jre/lib/amd64/server/libjvm.so
7f2d0b5f3000-7f2d0b6cc000 rw-p 00ccc000 fc:00 9843158                    /usr/lib/jvm/java-8-oracle/jre/lib/amd64/server/libjvm.so
7f2d0b6cc000-7f2d0b717000 rw-p 00000000 00:00 0 
7f2d0b717000-7f2d0b8d7000 r-xp 00000000 fc:00 11024048                   /lib/x86_64-linux-gnu/libc-2.23.so
7f2d0b8d7000-7f2d0bad7000 ---p 001c0000 fc:00 11024048                   /lib/x86_64-linux-gnu/libc-2.23.so
7f2d0bad7000-7f2d0badb000 r--p 001c0000 fc:00 11024048                   /lib/x86_64-linux-gnu/libc-2.23.so
7f2d0badb000-7f2d0badd000 rw-p 001c4000 fc:00 11024048                   /lib/x86_64-linux-gnu/libc-2.23.so
7f2d0badd000-7f2d0bae1000 rw-p 00000000 00:00 0 
7f2d0bae1000-7f2d0bae4000 r-xp 00000000 fc:00 11024050                   /lib/x86_64-linux-gnu/libdl-2.23.so
7f2d0bae4000-7f2d0bce3000 ---p 00003000 fc:00 11024050                   /lib/x86_64-linux-gnu/libdl-2.23.so
7f2d0bce3000-7f2d0bce4000 r--p 00002000 fc:00 11024050                   /lib/x86_64-linux-gnu/libdl-2.23.so
7f2d0bce4000-7f2d0bce5000 rw-p 00003000 fc:00 11024050                   /lib/x86_64-linux-gnu/libdl-2.23.so
7f2d0bce5000-7f2d0bcfa000 r-xp 00000000 fc:00 9845914                    /usr/lib/jvm/java-8-oracle/lib/amd64/jli/libjli.so
7f2d0bcfa000-7f2d0befa000 ---p 00015000 fc:00 9845914                    /usr/lib/jvm/java-8-oracle/lib/amd64/jli/libjli.so
7f2d0befa000-7f2d0befb000 rw-p 00015000 fc:00 9845914                    /usr/lib/jvm/java-8-oracle/lib/amd64/jli/libjli.so
7f2d0befb000-7f2d0bf13000 r-xp 00000000 fc:00 11024047                   /lib/x86_64-linux-gnu/libpthread-2.23.so
7f2d0bf13000-7f2d0c112000 ---p 00018000 fc:00 11024047                   /lib/x86_64-linux-gnu/libpthread-2.23.so
7f2d0c112000-7f2d0c113000 r--p 00017000 fc:00 11024047                   /lib/x86_64-linux-gnu/libpthread-2.23.so
7f2d0c113000-7f2d0c114000 rw-p 00018000 fc:00 11024047                   /lib/x86_64-linux-gnu/libpthread-2.23.so
7f2d0c114000-7f2d0c118000 rw-p 00000000 00:00 0 
7f2d0c118000-7f2d0c13e000 r-xp 00000000 fc:00 11024046                   /lib/x86_64-linux-gnu/ld-2.23.so
7f2d0c13e000-7f2d0c147000 r--s 0009b000 fc:00 6129880                    /home/zishanfu/.m2/repository/com/graphhopper/graphhopper/0.7.0/graphhopper-0.7.0.jar
7f2d0c147000-7f2d0c205000 rw-p 00000000 00:00 0 
7f2d0c205000-7f2d0c208000 ---p 00000000 00:00 0 
7f2d0c208000-7f2d0c333000 rw-p 00000000 00:00 0 
7f2d0c333000-7f2d0c33b000 rw-s 00000000 fc:00 277734                     /tmp/hsperfdata_zishanfu/27921
7f2d0c33b000-7f2d0c33c000 rw-p 00000000 00:00 0 
7f2d0c33c000-7f2d0c33d000 r--p 00000000 00:00 0 
7f2d0c33d000-7f2d0c33e000 r--p 00025000 fc:00 11024046                   /lib/x86_64-linux-gnu/ld-2.23.so
7f2d0c33e000-7f2d0c33f000 rw-p 00026000 fc:00 11024046                   /lib/x86_64-linux-gnu/ld-2.23.so
7f2d0c33f000-7f2d0c340000 rw-p 00000000 00:00 0 
7fffd003c000-7fffd005e000 rw-p 00000000 00:00 0                          [stack]
7fffd01be000-7fffd01c1000 r--p 00000000 00:00 0                          [vvar]
7fffd01c1000-7fffd01c3000 r-xp 00000000 00:00 0                          [vdso]
ffffffffff600000-ffffffffff601000 r-xp 00000000 00:00 0                  [vsyscall]

VM Arguments:
jvm_args: -Dfile.encoding=UTF-8 
java_command: com.zishanfu.vistrips.GPUSimulation.GPUPainter
java_class_path (initial): /home/zishanfu/eclipse-workspace/VisTrips_v1/target/classes:/home/zishanfu/.m2/repository/com/graphhopper/graphhopper/0.7.0/graphhopper-0.7.0.jar:/home/zishanfu/.m2/repository/com/graphhopper/graphhopper-tools-lgpl/0.7.0/graphhopper-tools-lgpl-0.7.0.jar:/home/zishanfu/.m2/repository/net/sf/trove4j/trove4j/3.0.3/trove4j-3.0.3.jar:/home/zishanfu/.m2/repository/org/slf4j/slf4j-api/1.7.21/slf4j-api-1.7.21.jar:/home/zishanfu/.m2/repository/org/apache/xmlgraphics/xmlgraphics-commons/2.1/xmlgraphics-commons-2.1.jar:/home/zishanfu/.m2/repository/commons-io/commons-io/1.3.1/commons-io-1.3.1.jar:/home/zishanfu/.m2/repository/com/google/protobuf/protobuf-java/2.6.1/protobuf-java-2.6.1.jar:/home/zishanfu/.m2/repository/org/openstreetmap/osmosis/osmosis-osm-binary/0.44.1/osmosis-osm-binary-0.44.1.jar:/home/zishanfu/.m2/repository/com/graphhopper/map-matching/0.4.1/map-matching-0.4.1.jar:/home/zishanfu/.m2/repository/org/slf4j/slf4j-log4j12/1.7.7/slf4j-log4j12-1.7.7.jar:/home/zishanfu/.m2/repository/log4j/log4j/1.2.17/log4j-1.2.17.jar:/home/zishanfu/.m2/repository/org/slf4j/slf4j-simple/1.7.5/slf4j-simple-1.7.5.jar:/home/zishanfu/.m2/repository/commons-logging/commons-logging/1.1.1/commons-logging-1.1.1.jar:/home/zishanfu/.m2/repository/org/jxmapviewer/jxmapviewer2/2.4/jxmapviewer2-2.4.jar:/home/zishanfu/.m2/repository/com/aparapi/aparapi/1.8.0/aparapi-1.8.0.jar:/home/zishanfu/.m2/repository/com/aparapi/aparapi-jni/1.1.2/aparapi-jni-1.1.2.jar:/home/zishanfu/.m2/repository/org/jogamp/glg2d/glg2d/0.3-SNAPSHOT/glg2d-0.3-SNAPSHOT.jar:/home/zishanfu/.m2/repository/org/jogamp/gluegen/gluegen-rt-main/2.3.2/gluegen-rt-main-2.3.2.jar:/home/zishanfu/.m2/repository/org/jogamp/gluegen/gluegen-rt/2.3.2/gluegen-rt-2.3.2.jar:/home/zishanfu/.m2/repository/org/jogamp/gluegen/gluegen-rt/2.3.2/gluegen-rt-2.3.2-natives-android-aarch64.jar:/home/zishanfu/.m2/repository/org/jogamp/gluegen/gluegen-rt/2.3.2/gluegen-rt-2.3.2-natives-android-armv6.jar:/home/zishanfu/.m2/reposi
Launcher Type: SUN_STANDARD

Environment Variables:
JAVA_HOME=/usr/lib/jvm/java-8-oracle
PATH=/home/zishanfu/bin:/home/zishanfu/.local/bin:/usr/local/sbin:/usr/local/bin:/usr/sbin:/usr/bin:/sbin:/bin:/usr/games:/usr/local/games:/snap/bin:/usr/lib/jvm/java-8-oracle/bin:/usr/lib/jvm/java-8-oracle/db/bin:/usr/lib/jvm/java-8-oracle/jre/bin
USERNAME=zishanfu
SHELL=/bin/bash
DISPLAY=:1

Signal Handlers:
SIGSEGV: [libjvm.so+0xac64b0], sa_mask[0]=11111111011111111101111111111110, sa_flags=SA_RESTART|SA_SIGINFO
SIGBUS: [libjvm.so+0xac64b0], sa_mask[0]=11111111011111111101111111111110, sa_flags=SA_RESTART|SA_SIGINFO
SIGFPE: [libjvm.so+0x91f950], sa_mask[0]=11111111011111111101111111111110, sa_flags=SA_RESTART|SA_SIGINFO
SIGPIPE: [libjvm.so+0x91f950], sa_mask[0]=11111111011111111101111111111110, sa_flags=SA_RESTART|SA_SIGINFO
SIGXFSZ: [libjvm.so+0x91f950], sa_mask[0]=11111111011111111101111111111110, sa_flags=SA_RESTART|SA_SIGINFO
SIGILL: [libjvm.so+0x91f950], sa_mask[0]=11111111011111111101111111111110, sa_flags=SA_RESTART|SA_SIGINFO
SIGUSR1: SIG_DFL, sa_mask[0]=00000000000000000000000000000000, sa_flags=none
SIGUSR2: [libjvm.so+0x920f80], sa_mask[0]=00100000000000000000000000000000, sa_flags=SA_RESTART|SA_SIGINFO
SIGHUP: [libjvm.so+0x922380], sa_mask[0]=11111111011111111101111111111110, sa_flags=SA_RESTART|SA_SIGINFO
SIGINT: [libjvm.so+0x922380], sa_mask[0]=11111111011111111101111111111110, sa_flags=SA_RESTART|SA_SIGINFO
SIGTERM: [libjvm.so+0x922380], sa_mask[0]=11111111011111111101111111111110, sa_flags=SA_RESTART|SA_SIGINFO
SIGQUIT: [libjvm.so+0x922380], sa_mask[0]=11111111011111111101111111111110, sa_flags=SA_RESTART|SA_SIGINFO


---------------  S Y S T E M  ---------------

OS:DISTRIB_ID="elementary"
DISTRIB_RELEASE=0.4.1
DISTRIB_CODENAME=loki
DISTRIB_DESCRIPTION="elementary OS 0.4.1 Loki"

uname:Linux 4.4.0-134-generic #160-Ubuntu SMP Wed Aug 15 14:58:00 UTC 2018 x86_64
libc:glibc 2.23 NPTL 2.23 
rlimit: STACK 8192k, CORE 0k, NPROC 128152, NOFILE 1048576, AS infinity
load average:14.25 4.58 1.73

/proc/meminfo:
MemTotal:       32850164 kB
MemFree:        22343140 kB
MemAvailable:   22860536 kB
Buffers:           28784 kB
Cached:          2681664 kB
SwapCached:            0 kB
Active:          8020364 kB
Inactive:        1999712 kB
Active(anon):    7592104 kB
Inactive(anon):  1631812 kB
Active(file):     428260 kB
Inactive(file):   367900 kB
Unevictable:        8060 kB
Mlocked:            8060 kB
SwapTotal:      33456124 kB
SwapFree:       33456124 kB
Dirty:             30444 kB
Writeback:             0 kB
AnonPages:       7317880 kB
Mapped:          1290820 kB
Shmem:           1910732 kB
Slab:             171336 kB
SReclaimable:      74964 kB
SUnreclaim:        96372 kB
KernelStack:       29232 kB
PageTables:       120636 kB
NFS_Unstable:          0 kB
Bounce:                0 kB
WritebackTmp:          0 kB
CommitLimit:    49881204 kB
Committed_AS:   28914496 kB
VmallocTotal:   34359738367 kB
VmallocUsed:           0 kB
VmallocChunk:          0 kB
HardwareCorrupted:     0 kB
AnonHugePages:         0 kB
CmaTotal:              0 kB
CmaFree:               0 kB
HugePages_Total:       0
HugePages_Free:        0
HugePages_Rsvd:        0
HugePages_Surp:        0
Hugepagesize:       2048 kB
DirectMap4k:      476684 kB
DirectMap2M:    14106624 kB
DirectMap1G:    19922944 kB


CPU:total 8 (4 cores per cpu, 2 threads per core) family 6 model 60 stepping 3, cmov, cx8, fxsr, mmx, sse, sse2, sse3, ssse3, sse4.1, sse4.2, popcnt, avx, avx2, aes, clmul, erms, lzcnt, ht, tsc, tscinvbit, bmi1, bmi2

/proc/cpuinfo:
processor	: 0
vendor_id	: GenuineIntel
cpu family	: 6
model		: 60
model name	: Intel(R) Core(TM) i7-4790 CPU @ 3.60GHz
stepping	: 3
microcode	: 0x25
cpu MHz		: 3782.250
cache size	: 8192 KB
physical id	: 0
siblings	: 8
core id		: 0
cpu cores	: 4
apicid		: 0
initial apicid	: 0
fpu		: yes
fpu_exception	: yes
cpuid level	: 13
wp		: yes
flags		: fpu vme de pse tsc msr pae mce cx8 apic sep mtrr pge mca cmov pat pse36 clflush dts acpi mmx fxsr sse sse2 ss ht tm pbe syscall nx pdpe1gb rdtscp lm constant_tsc arch_perfmon pebs bts rep_good nopl xtopology nonstop_tsc aperfmperf pni pclmulqdq dtes64 monitor ds_cpl vmx smx est tm2 ssse3 sdbg fma cx16 xtpr pdcm pcid sse4_1 sse4_2 x2apic movbe popcnt tsc_deadline_timer aes xsave avx f16c rdrand lahf_lm abm epb invpcid_single ssbd ibrs ibpb stibp kaiser tpr_shadow vnmi flexpriority ept vpid fsgsbase tsc_adjust bmi1 avx2 smep bmi2 erms invpcid xsaveopt dtherm ida arat pln pts flush_l1d
bugs		: cpu_meltdown spectre_v1 spectre_v2 spec_store_bypass l1tf
bogomips	: 7183.87
clflush size	: 64
cache_alignment	: 64
address sizes	: 39 bits physical, 48 bits virtual
power management:

processor	: 1
vendor_id	: GenuineIntel
cpu family	: 6
model		: 60
model name	: Intel(R) Core(TM) i7-4790 CPU @ 3.60GHz
stepping	: 3
microcode	: 0x25
cpu MHz		: 3782.250
cache size	: 8192 KB
physical id	: 0
siblings	: 8
core id		: 1
cpu cores	: 4
apicid		: 2
initial apicid	: 2
fpu		: yes
fpu_exception	: yes
cpuid level	: 13
wp		: yes
flags		: fpu vme de pse tsc msr pae mce cx8 apic sep mtrr pge mca cmov pat pse36 clflush dts acpi mmx fxsr sse sse2 ss ht tm pbe syscall nx pdpe1gb rdtscp lm constant_tsc arch_perfmon pebs bts rep_good nopl xtopology nonstop_tsc aperfmperf pni pclmulqdq dtes64 monitor ds_cpl vmx smx est tm2 ssse3 sdbg fma cx16 xtpr pdcm pcid sse4_1 sse4_2 x2apic movbe popcnt tsc_deadline_timer aes xsave avx f16c rdrand lahf_lm abm epb invpcid_single ssbd ibrs ibpb stibp kaiser tpr_shadow vnmi flexpriority ept vpid fsgsbase tsc_adjust bmi1 avx2 smep bmi2 erms invpcid xsaveopt dtherm ida arat pln pts flush_l1d
bugs		: cpu_meltdown spectre_v1 spectre_v2 spec_store_bypass l1tf
bogomips	: 7183.87
clflush size	: 64
cache_alignment	: 64
address sizes	: 39 bits physical, 48 bits virtual
power management:

processor	: 2
vendor_id	: GenuineIntel
cpu family	: 6
model		: 60
model name	: Intel(R) Core(TM) i7-4790 CPU @ 3.60GHz
stepping	: 3
microcode	: 0x25
cpu MHz		: 3776.343
cache size	: 8192 KB
physical id	: 0
siblings	: 8
core id		: 2
cpu cores	: 4
apicid		: 4
initial apicid	: 4
fpu		: yes
fpu_exception	: yes
cpuid level	: 13
wp		: yes
flags		: fpu vme de pse tsc msr pae mce cx8 apic sep mtrr pge mca cmov pat pse36 clflush dts acpi mmx fxsr sse sse2 ss ht tm pbe syscall nx pdpe1gb rdtscp lm constant_tsc arch_perfmon pebs bts rep_good nopl xtopology nonstop_tsc aperfmperf pni pclmulqdq dtes64 monitor ds_cpl vmx smx est tm2 ssse3 sdbg fma cx16 xtpr pdcm pcid sse4_1 sse4_2 x2apic movbe popcnt tsc_deadline_timer aes xsave avx f16c rdrand lahf_lm abm epb invpcid_single ssbd ibrs ibpb stibp kaiser tpr_shadow vnmi flexpriority ept vpid fsgsbase tsc_adjust bmi1 avx2 smep bmi2 erms invpcid xsaveopt dtherm ida arat pln pts flush_l1d
bugs		: cpu_meltdown spectre_v1 spectre_v2 spec_store_bypass l1tf
bogomips	: 7183.87
clflush size	: 64
cache_alignment	: 64
address sizes	: 39 bits physical, 48 bits virtual
power management:

processor	: 3
vendor_id	: GenuineIntel
cpu family	: 6
model		: 60
model name	: Intel(R) Core(TM) i7-4790 CPU @ 3.60GHz
stepping	: 3
microcode	: 0x25
cpu MHz		: 3782.250
cache size	: 8192 KB
physical id	: 0
siblings	: 8
core id		: 3
cpu cores	: 4
apicid		: 6
initial apicid	: 6
fpu		: yes
fpu_exception	: yes
cpuid level	: 13
wp		: yes
flags		: fpu vme de pse tsc msr pae mce cx8 apic sep mtrr pge mca cmov pat pse36 clflush dts acpi mmx fxsr sse sse2 ss ht tm pbe syscall nx pdpe1gb rdtscp lm constant_tsc arch_perfmon pebs bts rep_good nopl xtopology nonstop_tsc aperfmperf pni pclmulqdq dtes64 monitor ds_cpl vmx smx est tm2 ssse3 sdbg fma cx16 xtpr pdcm pcid sse4_1 sse4_2 x2apic movbe popcnt tsc_deadline_timer aes xsave avx f16c rdrand lahf_lm abm epb invpcid_single ssbd ibrs ibpb stibp kaiser tpr_shadow vnmi flexpriority ept vpid fsgsbase tsc_adjust bmi1 avx2 smep bmi2 erms invpcid xsaveopt dtherm ida arat pln pts flush_l1d
bugs		: cpu_meltdown spectre_v1 spectre_v2 spec_store_bypass l1tf
bogomips	: 7183.87
clflush size	: 64
cache_alignment	: 64
address sizes	: 39 bits physical, 48 bits virtual
power management:

processor	: 4
vendor_id	: GenuineIntel
cpu family	: 6
model		: 60
model name	: Intel(R) Core(TM) i7-4790 CPU @ 3.60GHz
stepping	: 3
microcode	: 0x25
cpu MHz		: 3791.250
cache size	: 8192 KB
physical id	: 0
siblings	: 8
core id		: 0
cpu cores	: 4
apicid		: 1
initial apicid	: 1
fpu		: yes
fpu_exception	: yes
cpuid level	: 13
wp		: yes
flags		: fpu vme de pse tsc msr pae mce cx8 apic sep mtrr pge mca cmov pat pse36 clflush dts acpi mmx fxsr sse sse2 ss ht tm pbe syscall nx pdpe1gb rdtscp lm constant_tsc arch_perfmon pebs bts rep_good nopl xtopology nonstop_tsc aperfmperf pni pclmulqdq dtes64 monitor ds_cpl vmx smx est tm2 ssse3 sdbg fma cx16 xtpr pdcm pcid sse4_1 sse4_2 x2apic movbe popcnt tsc_deadline_timer aes xsave avx f16c rdrand lahf_lm abm epb invpcid_single ssbd ibrs ibpb stibp kaiser tpr_shadow vnmi flexpriority ept vpid fsgsbase tsc_adjust bmi1 avx2 smep bmi2 erms invpcid xsaveopt dtherm ida arat pln pts flush_l1d
bugs		: cpu_meltdown spectre_v1 spectre_v2 spec_store_bypass l1tf
bogomips	: 7183.87
clflush size	: 64
cache_alignment	: 64
address sizes	: 39 bits physical, 48 bits virtual
power management:

processor	: 5
vendor_id	: GenuineIntel
cpu family	: 6
model		: 60
model name	: Intel(R) Core(TM) i7-4790 CPU @ 3.60GHz
stepping	: 3
microcode	: 0x25
cpu MHz		: 3782.250
cache size	: 8192 KB
physical id	: 0
siblings	: 8
core id		: 1
cpu cores	: 4
apicid		: 3
initial apicid	: 3
fpu		: yes
fpu_exception	: yes
cpuid level	: 13
wp		: yes
flags		: fpu vme de pse tsc msr pae mce cx8 apic sep mtrr pge mca cmov pat pse36 clflush dts acpi mmx fxsr sse sse2 ss ht tm pbe syscall nx pdpe1gb rdtscp lm constant_tsc arch_perfmon pebs bts rep_good nopl xtopology nonstop_tsc aperfmperf pni pclmulqdq dtes64 monitor ds_cpl vmx smx est tm2 ssse3 sdbg fma cx16 xtpr pdcm pcid sse4_1 sse4_2 x2apic movbe popcnt tsc_deadline_timer aes xsave avx f16c rdrand lahf_lm abm epb invpcid_single ssbd ibrs ibpb stibp kaiser tpr_shadow vnmi flexpriority ept vpid fsgsbase tsc_adjust bmi1 avx2 smep bmi2 erms invpcid xsaveopt dtherm ida arat pln pts flush_l1d
bugs		: cpu_meltdown spectre_v1 spectre_v2 spec_store_bypass l1tf
bogomips	: 7183.87
clflush size	: 64
cache_alignment	: 64
address sizes	: 39 bits physical, 48 bits virtual
power management:

processor	: 6
vendor_id	: GenuineIntel
cpu family	: 6
model		: 60
model name	: Intel(R) Core(TM) i7-4790 CPU @ 3.60GHz
stepping	: 3
microcode	: 0x25
cpu MHz		: 3787.875
cache size	: 8192 KB
physical id	: 0
siblings	: 8
core id		: 2
cpu cores	: 4
apicid		: 5
initial apicid	: 5
fpu		: yes
fpu_exception	: yes
cpuid level	: 13
wp		: yes
flags		: fpu vme de pse tsc msr pae mce cx8 apic sep mtrr pge mca cmov pat pse36 clflush dts acpi mmx fxsr sse sse2 ss ht tm pbe syscall nx pdpe1gb rdtscp lm constant_tsc arch_perfmon pebs bts rep_good nopl xtopology nonstop_tsc aperfmperf pni pclmulqdq dtes64 monitor ds_cpl vmx smx est tm2 ssse3 sdbg fma cx16 xtpr pdcm pcid sse4_1 sse4_2 x2apic movbe popcnt tsc_deadline_timer aes xsave avx f16c rdrand lahf_lm abm epb invpcid_single ssbd ibrs ibpb stibp kaiser tpr_shadow vnmi flexpriority ept vpid fsgsbase tsc_adjust bmi1 avx2 smep bmi2 erms invpcid xsaveopt dtherm ida arat pln pts flush_l1d
bugs		: cpu_meltdown spectre_v1 spectre_v2 spec_store_bypass l1tf
bogomips	: 7183.87
clflush size	: 64
cache_alignment	: 64
address sizes	: 39 bits physical, 48 bits virtual
power management:

processor	: 7
vendor_id	: GenuineIntel
cpu family	: 6
model		: 60
model name	: Intel(R) Core(TM) i7-4790 CPU @ 3.60GHz
stepping	: 3
microcode	: 0x25
cpu MHz		: 3778.031
cache size	: 8192 KB
physical id	: 0
siblings	: 8
core id		: 3
cpu cores	: 4
apicid		: 7
initial apicid	: 7
fpu		: yes
fpu_exception	: yes
cpuid level	: 13
wp		: yes
flags		: fpu vme de pse tsc msr pae mce cx8 apic sep mtrr pge mca cmov pat pse36 clflush dts acpi mmx fxsr sse sse2 ss ht tm pbe syscall nx pdpe1gb rdtscp lm constant_tsc arch_perfmon pebs bts rep_good nopl xtopology nonstop_tsc aperfmperf pni pclmulqdq dtes64 monitor ds_cpl vmx smx est tm2 ssse3 sdbg fma cx16 xtpr pdcm pcid sse4_1 sse4_2 x2apic movbe popcnt tsc_deadline_timer aes xsave avx f16c rdrand lahf_lm abm epb invpcid_single ssbd ibrs ibpb stibp kaiser tpr_shadow vnmi flexpriority ept vpid fsgsbase tsc_adjust bmi1 avx2 smep bmi2 erms invpcid xsaveopt dtherm ida arat pln pts flush_l1d
bugs		: cpu_meltdown spectre_v1 spectre_v2 spec_store_bypass l1tf
bogomips	: 7183.87
clflush size	: 64
cache_alignment	: 64
address sizes	: 39 bits physical, 48 bits virtual
power management:



Memory: 4k page, physical 32850164k(22342024k free), swap 33456124k(33456124k free)

vm_info: Java HotSpot(TM) 64-Bit Server VM (25.111-b14) for linux-amd64 JRE (1.8.0_111-b14), built on Sep 22 2016 16:14:03 by "java_re" with gcc 4.3.0 20080428 (Red Hat 4.3.0-8)

time: Tue Dec  4 14:03:36 2018
elapsed time: 4 seconds (0d 0h 0m 4s)

