Spark smartsTest 600 #####################################
19/04/11 16:04:05 WARN NativeCodeLoader: Unable to load native-hadoop library for your platform... using builtin-java classes where applicable
19/04/11 16:04:09 WARN GeoSparkSim: 
P1: 33.48998, -112.10964
P2: 33.38827, -111.79722
Total: 100000
Steps: 600
Timestep: 1.0
Generation Type: DSO
Repartition Time: 120
Partition: 1500
Output: hdfs://en4119507l.cidse.dhcp.asu.edu:54310

19/04/11 16:05:49 WARN TaskSetManager: Stage 22 contains a task of very large size (21647 KB). The maximum recommended task size is 100 KB.
19/04/11 16:06:01 WARN GeoSparkSim: Read: edge: 240011, signals: 4392, intersects: 24218, vehicles: 100000
19/04/11 16:16:07 WARN Microscopic$: Repartition Time: 210.393
19/04/11 16:16:07 WARN GeoSparkSim: Finished Simulation: 606
19/04/11 16:16:14 ERROR GeoSparkSim: Because the number of vehicle is larger than 5000 or the area is larger than 800,0000, GeoSparkSim will not show the traffic visualization! Please check output in hdfs://en4119507l.cidse.dhcp.asu.edu:54310/geosparksim
14.2 M  /geosparksim/reports0
1.7 G  /geosparksim/reports1
1.7 G  /geosparksim/reports2
1.7 G  /geosparksim/reports3
1.7 G  /geosparksim/reports4
1.7 G  /geosparksim/reports5
en4119507l.cidse.dhcp.asu.edu: stopping org.apache.spark.deploy.worker.Worker
en4119509l.cidse.dhcp.asu.edu: stopping org.apache.spark.deploy.worker.Worker
en4119508l.cidse.dhcp.asu.edu: stopping org.apache.spark.deploy.worker.Worker
en4119510l.cidse.dhcp.asu.edu: stopping org.apache.spark.deploy.worker.Worker
stopping org.apache.spark.deploy.master.Master
starting org.apache.spark.deploy.master.Master, logging to /hdd2/code/spark-2.3.2-bin-hadoop2.6/logs/spark-zishanfu-org.apache.spark.deploy.master.Master-1-en4119507l.out
en4119509l.cidse.dhcp.asu.edu: starting org.apache.spark.deploy.worker.Worker, logging to /hdd2/code/spark-2.3.2-bin-hadoop2.6/logs/spark-zishanfu-org.apache.spark.deploy.worker.Worker-1-en4119509l.out
en4119508l.cidse.dhcp.asu.edu: starting org.apache.spark.deploy.worker.Worker, logging to /hdd2/code/spark-2.3.2-bin-hadoop2.6/logs/spark-zishanfu-org.apache.spark.deploy.worker.Worker-1-en4119508l.out
en4119510l.cidse.dhcp.asu.edu: starting org.apache.spark.deploy.worker.Worker, logging to /hdd2/code/spark-2.3.2-bin-hadoop2.6/logs/spark-zishanfu-org.apache.spark.deploy.worker.Worker-1-en4119510l.out
en4119507l.cidse.dhcp.asu.edu: starting org.apache.spark.deploy.worker.Worker, logging to /hdd2/code/spark-2.3.2-bin-hadoop2.6/logs/spark-zishanfu-org.apache.spark.deploy.worker.Worker-1-en4119507l.out
19/04/11 16:18:32 WARN NativeCodeLoader: Unable to load native-hadoop library for your platform... using builtin-java classes where applicable
19/04/11 16:18:34 WARN GeoSparkSim: 
P1: 33.48998, -112.10964
P2: 33.38827, -111.79722
Total: 100000
Steps: 600
Timestep: 1.0
Generation Type: DSO
Repartition Time: 120
Partition: 1500
Output: hdfs://en4119507l.cidse.dhcp.asu.edu:54310

19/04/11 16:20:01 WARN TaskSetManager: Stage 22 contains a task of very large size (21534 KB). The maximum recommended task size is 100 KB.
19/04/11 16:20:11 WARN GeoSparkSim: Read: edge: 240011, signals: 4392, intersects: 24218, vehicles: 100000
19/04/11 16:29:42 WARN Microscopic$: Repartition Time: 190.476
19/04/11 16:29:42 WARN GeoSparkSim: Finished Simulation: 570
19/04/11 16:29:48 ERROR GeoSparkSim: Because the number of vehicle is larger than 5000 or the area is larger than 800,0000, GeoSparkSim will not show the traffic visualization! Please check output in hdfs://en4119507l.cidse.dhcp.asu.edu:54310/geosparksim
14.2 M  /geosparksim/reports0
1.7 G  /geosparksim/reports1
1.7 G  /geosparksim/reports2
1.7 G  /geosparksim/reports3
1.7 G  /geosparksim/reports4
1.7 G  /geosparksim/reports5
en4119508l.cidse.dhcp.asu.edu: stopping org.apache.spark.deploy.worker.Worker
en4119509l.cidse.dhcp.asu.edu: stopping org.apache.spark.deploy.worker.Worker
en4119510l.cidse.dhcp.asu.edu: stopping org.apache.spark.deploy.worker.Worker
en4119507l.cidse.dhcp.asu.edu: stopping org.apache.spark.deploy.worker.Worker
stopping org.apache.spark.deploy.master.Master
starting org.apache.spark.deploy.master.Master, logging to /hdd2/code/spark-2.3.2-bin-hadoop2.6/logs/spark-zishanfu-org.apache.spark.deploy.master.Master-1-en4119507l.out
en4119508l.cidse.dhcp.asu.edu: starting org.apache.spark.deploy.worker.Worker, logging to /hdd2/code/spark-2.3.2-bin-hadoop2.6/logs/spark-zishanfu-org.apache.spark.deploy.worker.Worker-1-en4119508l.out
en4119509l.cidse.dhcp.asu.edu: starting org.apache.spark.deploy.worker.Worker, logging to /hdd2/code/spark-2.3.2-bin-hadoop2.6/logs/spark-zishanfu-org.apache.spark.deploy.worker.Worker-1-en4119509l.out
en4119510l.cidse.dhcp.asu.edu: starting org.apache.spark.deploy.worker.Worker, logging to /hdd2/code/spark-2.3.2-bin-hadoop2.6/logs/spark-zishanfu-org.apache.spark.deploy.worker.Worker-1-en4119510l.out
en4119507l.cidse.dhcp.asu.edu: starting org.apache.spark.deploy.worker.Worker, logging to /hdd2/code/spark-2.3.2-bin-hadoop2.6/logs/spark-zishanfu-org.apache.spark.deploy.worker.Worker-1-en4119507l.out
19/04/11 16:32:02 WARN NativeCodeLoader: Unable to load native-hadoop library for your platform... using builtin-java classes where applicable
19/04/11 16:32:04 WARN GeoSparkSim: 
P1: 33.48998, -112.10964
P2: 33.38827, -111.79722
Total: 100000
Steps: 600
Timestep: 1.0
Generation Type: DSO
Repartition Time: 120
Partition: 1500
Output: hdfs://en4119507l.cidse.dhcp.asu.edu:54310

19/04/11 16:33:25 WARN TaskSetManager: Stage 22 contains a task of very large size (21712 KB). The maximum recommended task size is 100 KB.
19/04/11 16:33:37 WARN GeoSparkSim: Read: edge: 240011, signals: 4392, intersects: 24218, vehicles: 100000
19/04/11 16:43:15 WARN Microscopic$: Repartition Time: 190.049
19/04/11 16:43:15 WARN GeoSparkSim: Finished Simulation: 577
19/04/11 16:43:20 ERROR GeoSparkSim: Because the number of vehicle is larger than 5000 or the area is larger than 800,0000, GeoSparkSim will not show the traffic visualization! Please check output in hdfs://en4119507l.cidse.dhcp.asu.edu:54310/geosparksim
14.6 M  /geosparksim/reports0
1.7 G  /geosparksim/reports1
1.7 G  /geosparksim/reports2
1.7 G  /geosparksim/reports3
1.7 G  /geosparksim/reports4
1.7 G  /geosparksim/reports5
en4119509l.cidse.dhcp.asu.edu: stopping org.apache.spark.deploy.worker.Worker
en4119508l.cidse.dhcp.asu.edu: stopping org.apache.spark.deploy.worker.Worker
en4119510l.cidse.dhcp.asu.edu: stopping org.apache.spark.deploy.worker.Worker
en4119507l.cidse.dhcp.asu.edu: stopping org.apache.spark.deploy.worker.Worker
stopping org.apache.spark.deploy.master.Master
starting org.apache.spark.deploy.master.Master, logging to /hdd2/code/spark-2.3.2-bin-hadoop2.6/logs/spark-zishanfu-org.apache.spark.deploy.master.Master-1-en4119507l.out
en4119508l.cidse.dhcp.asu.edu: starting org.apache.spark.deploy.worker.Worker, logging to /hdd2/code/spark-2.3.2-bin-hadoop2.6/logs/spark-zishanfu-org.apache.spark.deploy.worker.Worker-1-en4119508l.out
en4119509l.cidse.dhcp.asu.edu: starting org.apache.spark.deploy.worker.Worker, logging to /hdd2/code/spark-2.3.2-bin-hadoop2.6/logs/spark-zishanfu-org.apache.spark.deploy.worker.Worker-1-en4119509l.out
en4119510l.cidse.dhcp.asu.edu: starting org.apache.spark.deploy.worker.Worker, logging to /hdd2/code/spark-2.3.2-bin-hadoop2.6/logs/spark-zishanfu-org.apache.spark.deploy.worker.Worker-1-en4119510l.out
en4119507l.cidse.dhcp.asu.edu: starting org.apache.spark.deploy.worker.Worker, logging to /hdd2/code/spark-2.3.2-bin-hadoop2.6/logs/spark-zishanfu-org.apache.spark.deploy.worker.Worker-1-en4119507l.out
19/04/11 16:45:34 WARN NativeCodeLoader: Unable to load native-hadoop library for your platform... using builtin-java classes where applicable
19/04/11 16:45:36 WARN GeoSparkSim: 
P1: 33.48998, -112.10964
P2: 33.38827, -111.79722
Total: 100000
Steps: 600
Timestep: 1.0
Generation Type: DSO
Repartition Time: 120
Partition: 1500
Output: hdfs://en4119507l.cidse.dhcp.asu.edu:54310

19/04/11 16:47:03 WARN TaskSetManager: Stage 22 contains a task of very large size (21578 KB). The maximum recommended task size is 100 KB.
19/04/11 16:47:15 WARN GeoSparkSim: Read: edge: 240011, signals: 4392, intersects: 24218, vehicles: 100000
19/04/11 16:57:42 WARN Microscopic$: Repartition Time: 196.999
19/04/11 16:57:42 WARN GeoSparkSim: Finished Simulation: 627
19/04/11 16:57:48 ERROR GeoSparkSim: Because the number of vehicle is larger than 5000 or the area is larger than 800,0000, GeoSparkSim will not show the traffic visualization! Please check output in hdfs://en4119507l.cidse.dhcp.asu.edu:54310/geosparksim
14.4 M  /geosparksim/reports0
1.7 G  /geosparksim/reports1
1.7 G  /geosparksim/reports2
1.7 G  /geosparksim/reports3
1.7 G  /geosparksim/reports4
1.7 G  /geosparksim/reports5
en4119508l.cidse.dhcp.asu.edu: stopping org.apache.spark.deploy.worker.Worker
en4119509l.cidse.dhcp.asu.edu: stopping org.apache.spark.deploy.worker.Worker
en4119510l.cidse.dhcp.asu.edu: stopping org.apache.spark.deploy.worker.Worker
en4119507l.cidse.dhcp.asu.edu: stopping org.apache.spark.deploy.worker.Worker
stopping org.apache.spark.deploy.master.Master
starting org.apache.spark.deploy.master.Master, logging to /hdd2/code/spark-2.3.2-bin-hadoop2.6/logs/spark-zishanfu-org.apache.spark.deploy.master.Master-1-en4119507l.out
en4119508l.cidse.dhcp.asu.edu: starting org.apache.spark.deploy.worker.Worker, logging to /hdd2/code/spark-2.3.2-bin-hadoop2.6/logs/spark-zishanfu-org.apache.spark.deploy.worker.Worker-1-en4119508l.out
en4119509l.cidse.dhcp.asu.edu: starting org.apache.spark.deploy.worker.Worker, logging to /hdd2/code/spark-2.3.2-bin-hadoop2.6/logs/spark-zishanfu-org.apache.spark.deploy.worker.Worker-1-en4119509l.out
en4119507l.cidse.dhcp.asu.edu: starting org.apache.spark.deploy.worker.Worker, logging to /hdd2/code/spark-2.3.2-bin-hadoop2.6/logs/spark-zishanfu-org.apache.spark.deploy.worker.Worker-1-en4119507l.out
en4119510l.cidse.dhcp.asu.edu: starting org.apache.spark.deploy.worker.Worker, logging to /hdd2/code/spark-2.3.2-bin-hadoop2.6/logs/spark-zishanfu-org.apache.spark.deploy.worker.Worker-1-en4119510l.out
19/04/11 17:00:02 WARN NativeCodeLoader: Unable to load native-hadoop library for your platform... using builtin-java classes where applicable
19/04/11 17:00:04 WARN GeoSparkSim: 
P1: 33.48998, -112.10964
P2: 33.38827, -111.79722
Total: 100000
Steps: 600
Timestep: 1.0
Generation Type: DSO
Repartition Time: 120
Partition: 1500
Output: hdfs://en4119507l.cidse.dhcp.asu.edu:54310

19/04/11 17:02:13 WARN TaskSetManager: Stage 22 contains a task of very large size (21640 KB). The maximum recommended task size is 100 KB.
19/04/11 17:02:27 WARN GeoSparkSim: Read: edge: 240011, signals: 4392, intersects: 24218, vehicles: 100000
19/04/11 17:08:02 WARN DFSClient: Slow ReadProcessor read fields took 30396ms (threshold=30000ms); ack: seqno: 1753 status: SUCCESS status: SUCCESS status: SUCCESS downstreamAckTimeNanos: 501291977, targets: [10.218.106.186:50010, 10.218.106.137:50010, 10.218.106.106:50010]
19/04/11 17:12:54 WARN Microscopic$: Repartition Time: 213.577
19/04/11 17:12:54 WARN GeoSparkSim: Finished Simulation: 627
19/04/11 17:13:00 ERROR GeoSparkSim: Because the number of vehicle is larger than 5000 or the area is larger than 800,0000, GeoSparkSim will not show the traffic visualization! Please check output in hdfs://en4119507l.cidse.dhcp.asu.edu:54310/geosparksim
14.2 M  /geosparksim/reports0
1.7 G  /geosparksim/reports1
1.7 G  /geosparksim/reports2
1.7 G  /geosparksim/reports3
1.7 G  /geosparksim/reports4
1.7 G  /geosparksim/reports5
en4119509l.cidse.dhcp.asu.edu: stopping org.apache.spark.deploy.worker.Worker
en4119508l.cidse.dhcp.asu.edu: stopping org.apache.spark.deploy.worker.Worker
en4119510l.cidse.dhcp.asu.edu: stopping org.apache.spark.deploy.worker.Worker
en4119507l.cidse.dhcp.asu.edu: stopping org.apache.spark.deploy.worker.Worker
stopping org.apache.spark.deploy.master.Master
starting org.apache.spark.deploy.master.Master, logging to /hdd2/code/spark-2.3.2-bin-hadoop2.6/logs/spark-zishanfu-org.apache.spark.deploy.master.Master-1-en4119507l.out
en4119509l.cidse.dhcp.asu.edu: starting org.apache.spark.deploy.worker.Worker, logging to /hdd2/code/spark-2.3.2-bin-hadoop2.6/logs/spark-zishanfu-org.apache.spark.deploy.worker.Worker-1-en4119509l.out
en4119508l.cidse.dhcp.asu.edu: starting org.apache.spark.deploy.worker.Worker, logging to /hdd2/code/spark-2.3.2-bin-hadoop2.6/logs/spark-zishanfu-org.apache.spark.deploy.worker.Worker-1-en4119508l.out
en4119510l.cidse.dhcp.asu.edu: starting org.apache.spark.deploy.worker.Worker, logging to /hdd2/code/spark-2.3.2-bin-hadoop2.6/logs/spark-zishanfu-org.apache.spark.deploy.worker.Worker-1-en4119510l.out
en4119507l.cidse.dhcp.asu.edu: starting org.apache.spark.deploy.worker.Worker, logging to /hdd2/code/spark-2.3.2-bin-hadoop2.6/logs/spark-zishanfu-org.apache.spark.deploy.worker.Worker-1-en4119507l.out
Spark smartsTest 1800 #####################################
19/04/11 17:15:13 WARN NativeCodeLoader: Unable to load native-hadoop library for your platform... using builtin-java classes where applicable
19/04/11 17:15:15 WARN GeoSparkSim: 
P1: 33.48998, -112.10964
P2: 33.38827, -111.79722
Total: 100000
Steps: 1800
Timestep: 1.0
Generation Type: DSO
Repartition Time: 120
Partition: 1500
Output: hdfs://en4119507l.cidse.dhcp.asu.edu:54310

19/04/11 17:16:44 WARN TaskSetManager: Stage 22 contains a task of very large size (21747 KB). The maximum recommended task size is 100 KB.
19/04/11 17:17:01 WARN GeoSparkSim: Read: edge: 240011, signals: 4392, intersects: 24218, vehicles: 100000
